<?xml version="1.0" encoding="UTF-8"?>
<testsuite xmlns:xsi="http://www.w3.org/2001/XMLSchema-instance" xsi:noNamespaceSchemaLocation="https://maven.apache.org/surefire/maven-surefire-plugin/xsd/surefire-test-report-3.0.xsd" version="3.0" name="com.greviews.MovieReviews.MovieReviewsApplicationTests" time="9.422" tests="1" errors="0" skipped="0" failures="0">
  <properties>
[...]
</properties>
  <testcase name="contextLoads" classname="com.greviews.MovieReviews.MovieReviewsApplicationTests" time="0.934">
    <system-out><![CDATA[09:35:57.559 [main] INFO org.springframework.test.context.support.AnnotationConfigContextLoaderUtils -- Could not detect default configuration classes for test class [com.greviews.MovieReviews.MovieReviewsApplicationTests]: MovieReviewsApplicationTests does not declare any static, non-private, non-final, nested classes annotated with @Configuration.
09:35:57.745 [main] INFO org.springframework.boot.test.context.SpringBootTestContextBootstrapper -- Found @SpringBootConfiguration com.greviews.MovieReviews.MovieReviewsApplication for test class com.greviews.MovieReviews.MovieReviewsApplicationTests

  .   ____          _            __ _ _
 /\\ / ___'_ __ _ _(_)_ __  __ _ \ \ \ \
( ( )\___ | '_ | '_| | '_ \/ _` | \ \ \ \
 \\/  ___)| |_)| | | | | || (_| |  ) ) ) )
  '  |____| .__|_| |_|_| |_\__, | / / / /
 =========|_|==============|___/=/_/_/_/
 :: Spring Boot ::                (v3.2.3)

2024-05-29T09:35:58.383+05:30 DEBUG 4556 --- [kground-preinit] org.jboss.logging                        : Logging Provider: org.jboss.logging.Slf4jLoggerProvider found via system property
2024-05-29T09:35:58.401+05:30 DEBUG 4556 --- [kground-preinit] o.h.v.i.xml.config.ValidationXmlParser   : Trying to load META-INF/validation.xml for XML based Validator configuration.
2024-05-29T09:35:58.402+05:30 DEBUG 4556 --- [kground-preinit] o.h.v.i.xml.config.ResourceLoaderHelper  : Trying to load META-INF/validation.xml via TCCL
2024-05-29T09:35:58.403+05:30 DEBUG 4556 --- [kground-preinit] o.h.v.i.xml.config.ResourceLoaderHelper  : Trying to load META-INF/validation.xml via Hibernate Validator's class loader
2024-05-29T09:35:58.403+05:30 DEBUG 4556 --- [kground-preinit] o.h.v.i.xml.config.ValidationXmlParser   : No META-INF/validation.xml found. Using annotation based configuration only.
2024-05-29T09:35:58.414+05:30 DEBUG 4556 --- [kground-preinit] o.h.v.i.e.resolver.TraversableResolvers  : Found jakarta.persistence.Persistence on classpath containing 'getPersistenceUtil'. Assuming JPA 2 environment. Trying to instantiate JPA aware TraversableResolver
2024-05-29T09:35:58.414+05:30  INFO 4556 --- [           main] c.g.M.MovieReviewsApplicationTests       : Starting MovieReviewsApplicationTests using Java 19.0.2 with PID 4556 (started by HEMANTH in C:\Users\HEMANTH\Downloads\MovieReviews\MovieReviews)
2024-05-29T09:35:58.415+05:30 DEBUG 4556 --- [           main] c.g.M.MovieReviewsApplicationTests       : Running with Spring Boot v3.2.3, Spring v6.1.4
2024-05-29T09:35:58.415+05:30 DEBUG 4556 --- [kground-preinit] o.h.v.i.e.resolver.TraversableResolvers  : Instantiated JPA aware TraversableResolver of type org.hibernate.validator.internal.engine.resolver.JPATraversableResolver.
2024-05-29T09:35:58.416+05:30  INFO 4556 --- [           main] c.g.M.MovieReviewsApplicationTests       : No active profile set, falling back to 1 default profile: "default"
2024-05-29T09:35:58.417+05:30 DEBUG 4556 --- [           main] o.s.boot.SpringApplication               : Loading source class com.greviews.MovieReviews.MovieReviewsApplication
2024-05-29T09:35:58.460+05:30 DEBUG 4556 --- [kground-preinit] .h.v.m.ResourceBundleMessageInterpolator : Loaded expression factory via original TCCL
2024-05-29T09:35:58.466+05:30 DEBUG 4556 --- [           main] o.s.w.c.s.GenericWebApplicationContext   : Refreshing org.springframework.web.context.support.GenericWebApplicationContext@5bd1ceca
2024-05-29T09:35:58.501+05:30 DEBUG 4556 --- [           main] o.s.b.f.s.DefaultListableBeanFactory     : Creating shared instance of singleton bean 'org.springframework.context.annotation.internalConfigurationAnnotationProcessor'
2024-05-29T09:35:58.525+05:30 DEBUG 4556 --- [           main] o.s.b.f.s.DefaultListableBeanFactory     : Creating shared instance of singleton bean 'org.springframework.boot.autoconfigure.internalCachingMetadataReaderFactory'
2024-05-29T09:35:58.583+05:30 DEBUG 4556 --- [           main] o.s.c.a.ClassPathBeanDefinitionScanner   : Identified candidate component class: file [C:\Users\HEMANTH\Downloads\MovieReviews\MovieReviews\target\classes\com\greviews\MovieReviews\config\CorsConfig.class]
2024-05-29T09:35:58.608+05:30 DEBUG 4556 --- [           main] o.s.c.a.ClassPathBeanDefinitionScanner   : Identified candidate component class: file [C:\Users\HEMANTH\Downloads\MovieReviews\MovieReviews\target\classes\com\greviews\MovieReviews\controllers\AdminController.class]
2024-05-29T09:35:58.612+05:30 DEBUG 4556 --- [           main] o.s.c.a.ClassPathBeanDefinitionScanner   : Identified candidate component class: file [C:\Users\HEMANTH\Downloads\MovieReviews\MovieReviews\target\classes\com\greviews\MovieReviews\controllers\MovieController.class]
2024-05-29T09:35:58.638+05:30 DEBUG 4556 --- [           main] o.s.c.a.ClassPathBeanDefinitionScanner   : Identified candidate component class: file [C:\Users\HEMANTH\Downloads\MovieReviews\MovieReviews\target\classes\com\greviews\MovieReviews\servcie\AdminService.class]
2024-05-29T09:35:58.640+05:30 DEBUG 4556 --- [           main] o.s.c.a.ClassPathBeanDefinitionScanner   : Identified candidate component class: file [C:\Users\HEMANTH\Downloads\MovieReviews\MovieReviews\target\classes\com\greviews\MovieReviews\servcie\MovieService.class]
2024-05-29T09:35:58.653+05:30 DEBUG 4556 --- [kground-preinit] .i.e.ValidatorFactoryConfigurationHelper : HV000252: Using org.hibernate.validator.internal.engine.DefaultPropertyNodeNameProvider as property node name provider.
2024-05-29T09:35:58.665+05:30 DEBUG 4556 --- [kground-preinit] .i.e.ValidatorFactoryConfigurationHelper : HV000234: Using org.hibernate.validator.messageinterpolation.ResourceBundleMessageInterpolator as ValidatorFactory-scoped message interpolator.
2024-05-29T09:35:58.666+05:30 DEBUG 4556 --- [kground-preinit] .i.e.ValidatorFactoryConfigurationHelper : HV000234: Using org.hibernate.validator.internal.engine.resolver.JPATraversableResolver as ValidatorFactory-scoped traversable resolver.
2024-05-29T09:35:58.667+05:30 DEBUG 4556 --- [kground-preinit] .i.e.ValidatorFactoryConfigurationHelper : HV000234: Using org.hibernate.validator.internal.util.ExecutableParameterNameProvider as ValidatorFactory-scoped parameter name provider.
2024-05-29T09:35:58.667+05:30 DEBUG 4556 --- [kground-preinit] .i.e.ValidatorFactoryConfigurationHelper : HV000234: Using org.hibernate.validator.internal.engine.DefaultClockProvider as ValidatorFactory-scoped clock provider.
2024-05-29T09:35:58.667+05:30 DEBUG 4556 --- [kground-preinit] .i.e.ValidatorFactoryConfigurationHelper : HV000234: Using org.hibernate.validator.internal.engine.scripting.DefaultScriptEvaluatorFactory as ValidatorFactory-scoped script evaluator factory.
2024-05-29T09:35:59.528+05:30  INFO 4556 --- [           main] .s.d.r.c.RepositoryConfigurationDelegate : Bootstrapping Spring Data JPA repositories in DEFAULT mode.
2024-05-29T09:35:59.539+05:30 DEBUG 4556 --- [           main] o.s.b.f.s.DefaultListableBeanFactory     : Creating shared instance of singleton bean 'org.springframework.boot.autoconfigure.AutoConfigurationPackages'
2024-05-29T09:35:59.554+05:30 DEBUG 4556 --- [           main] o.s.b.a.AutoConfigurationPackages        : @EnableAutoConfiguration was declared on a class in the package 'com.greviews.MovieReviews'. Automatic @Repository and @Entity scanning is enabled.
2024-05-29T09:35:59.555+05:30 DEBUG 4556 --- [           main] .s.d.r.c.RepositoryConfigurationDelegate : Scanning for JPA repositories in packages com.greviews.MovieReviews.
2024-05-29T09:35:59.571+05:30 DEBUG 4556 --- [           main] o.s.d.r.c.RepositoryComponentProvider    : Identified candidate component class: file [C:\Users\HEMANTH\Downloads\MovieReviews\MovieReviews\target\classes\com\greviews\MovieReviews\repository\AdminRepository.class]
2024-05-29T09:35:59.571+05:30 DEBUG 4556 --- [           main] o.s.d.r.c.RepositoryComponentProvider    : Identified candidate component class: file [C:\Users\HEMANTH\Downloads\MovieReviews\MovieReviews\target\classes\com\greviews\MovieReviews\repository\MovieRepository.class]
2024-05-29T09:35:59.639+05:30  INFO 4556 --- [           main] .s.d.r.c.RepositoryConfigurationDelegate : Finished Spring Data repository scanning in 81 ms. Found 2 JPA repository interfaces.
2024-05-29T09:35:59.891+05:30 DEBUG 4556 --- [           main] o.s.b.f.s.DefaultListableBeanFactory     : Creating shared instance of singleton bean 'propertySourcesPlaceholderConfigurer'
2024-05-29T09:35:59.897+05:30 DEBUG 4556 --- [           main] o.s.b.f.s.DefaultListableBeanFactory     : Creating shared instance of singleton bean 'org.springframework.boot.test.mock.mockito.MockitoPostProcessor'
2024-05-29T09:35:59.899+05:30 DEBUG 4556 --- [           main] o.s.b.f.s.DefaultListableBeanFactory     : Creating shared instance of singleton bean 'emBeanDefinitionRegistrarPostProcessor'
2024-05-29T09:35:59.900+05:30 DEBUG 4556 --- [           main] o.s.b.f.s.DefaultListableBeanFactory     : Creating shared instance of singleton bean 'org.springframework.boot.sql.init.dependency.DatabaseInitializationDependencyConfigurer$DependsOnDatabaseInitializationPostProcessor'
2024-05-29T09:35:59.962+05:30 DEBUG 4556 --- [           main] o.s.b.f.s.DefaultListableBeanFactory     : Creating shared instance of singleton bean 'org.springframework.context.event.internalEventListenerProcessor'
2024-05-29T09:35:59.965+05:30 DEBUG 4556 --- [           main] o.s.b.f.s.DefaultListableBeanFactory     : Creating shared instance of singleton bean 'preserveErrorControllerTargetClassPostProcessor'
2024-05-29T09:35:59.966+05:30 DEBUG 4556 --- [           main] o.s.b.f.s.DefaultListableBeanFactory     : Creating shared instance of singleton bean 'org.springframework.context.event.internalEventListenerFactory'
2024-05-29T09:35:59.967+05:30 DEBUG 4556 --- [           main] o.s.b.f.s.DefaultListableBeanFactory     : Creating shared instance of singleton bean 'org.springframework.transaction.config.internalTransactionalEventListenerFactory'
2024-05-29T09:35:59.972+05:30 DEBUG 4556 --- [           main] o.s.b.f.s.DefaultListableBeanFactory     : Creating shared instance of singleton bean 'org.springframework.boot.test.mock.mockito.MockitoPostProcessor$SpyPostProcessor'
2024-05-29T09:35:59.975+05:30 DEBUG 4556 --- [           main] o.s.b.f.s.DefaultListableBeanFactory     : Creating shared instance of singleton bean 'org.springframework.context.annotation.internalAutowiredAnnotationProcessor'
2024-05-29T09:35:59.977+05:30 DEBUG 4556 --- [           main] o.s.b.f.s.DefaultListableBeanFactory     : Creating shared instance of singleton bean 'org.springframework.context.annotation.internalCommonAnnotationProcessor'
2024-05-29T09:35:59.981+05:30 DEBUG 4556 --- [           main] o.s.b.f.s.DefaultListableBeanFactory     : Creating shared instance of singleton bean 'org.springframework.context.annotation.internalPersistenceAnnotationProcessor'
2024-05-29T09:35:59.982+05:30 DEBUG 4556 --- [           main] o.s.b.f.s.DefaultListableBeanFactory     : Creating shared instance of singleton bean 'org.springframework.boot.context.properties.ConfigurationPropertiesBindingPostProcessor'
2024-05-29T09:35:59.982+05:30 DEBUG 4556 --- [           main] o.s.b.f.s.DefaultListableBeanFactory     : Creating shared instance of singleton bean 'org.springframework.boot.context.internalConfigurationPropertiesBinder'
2024-05-29T09:35:59.985+05:30 DEBUG 4556 --- [           main] o.s.b.f.s.DefaultListableBeanFactory     : Creating shared instance of singleton bean 'jdbcConnectionDetailsHikariBeanPostProcessor'
2024-05-29T09:35:59.991+05:30 DEBUG 4556 --- [           main] o.s.b.f.s.DefaultListableBeanFactory     : Creating shared instance of singleton bean 'methodValidationPostProcessor'
2024-05-29T09:36:00.018+05:30 DEBUG 4556 --- [           main] o.s.b.f.s.DefaultListableBeanFactory     : Autowiring by type from bean name 'methodValidationPostProcessor' via factory method to bean named 'environment'
2024-05-29T09:36:00.022+05:30 DEBUG 4556 --- [           main] o.s.b.f.s.DefaultListableBeanFactory     : Creating shared instance of singleton bean 'org.springframework.boot.context.properties.EnableConfigurationPropertiesRegistrar.methodValidationExcludeFilter'
2024-05-29T09:36:00.052+05:30 DEBUG 4556 --- [           main] o.s.b.f.s.DefaultListableBeanFactory     : Creating shared instance of singleton bean 'org.springframework.aop.config.internalAutoProxyCreator'
2024-05-29T09:36:00.073+05:30 DEBUG 4556 --- [           main] o.s.b.f.s.DefaultListableBeanFactory     : Creating shared instance of singleton bean 'persistenceExceptionTranslationPostProcessor'
2024-05-29T09:36:00.075+05:30 DEBUG 4556 --- [           main] o.s.b.f.s.DefaultListableBeanFactory     : Autowiring by type from bean name 'persistenceExceptionTranslationPostProcessor' via factory method to bean named 'environment'
2024-05-29T09:36:00.078+05:30 DEBUG 4556 --- [           main] o.s.b.f.s.DefaultListableBeanFactory     : Creating shared instance of singleton bean 'webServerFactoryCustomizerBeanPostProcessor'
2024-05-29T09:36:00.079+05:30 DEBUG 4556 --- [           main] o.s.b.f.s.DefaultListableBeanFactory     : Creating shared instance of singleton bean 'errorPageRegistrarBeanPostProcessor'
2024-05-29T09:36:00.079+05:30 DEBUG 4556 --- [           main] o.s.b.f.s.DefaultListableBeanFactory     : Creating shared instance of singleton bean 'projectingArgumentResolverBeanPostProcessor'
2024-05-29T09:36:00.081+05:30 DEBUG 4556 --- [           main] o.s.b.f.s.DefaultListableBeanFactory     : Creating shared instance of singleton bean 'org.springframework.transaction.config.internalTransactionAdvisor'
2024-05-29T09:36:00.081+05:30 DEBUG 4556 --- [           main] o.s.b.f.s.DefaultListableBeanFactory     : Creating shared instance of singleton bean 'org.springframework.transaction.annotation.ProxyTransactionManagementConfiguration'
2024-05-29T09:36:00.094+05:30 DEBUG 4556 --- [           main] o.s.b.f.s.DefaultListableBeanFactory     : Creating shared instance of singleton bean 'transactionAttributeSource'
2024-05-29T09:36:00.096+05:30 DEBUG 4556 --- [           main] o.s.b.f.s.DefaultListableBeanFactory     : Creating shared instance of singleton bean 'transactionInterceptor'
2024-05-29T09:36:00.097+05:30 DEBUG 4556 --- [           main] o.s.b.f.s.DefaultListableBeanFactory     : Autowiring by type from bean name 'transactionInterceptor' via factory method to bean named 'transactionAttributeSource'
2024-05-29T09:36:00.106+05:30 DEBUG 4556 --- [           main] o.s.b.f.s.DefaultListableBeanFactory     : Autowiring by type from bean name 'org.springframework.transaction.config.internalTransactionAdvisor' via factory method to bean named 'transactionAttributeSource'
2024-05-29T09:36:00.106+05:30 DEBUG 4556 --- [           main] o.s.b.f.s.DefaultListableBeanFactory     : Autowiring by type from bean name 'org.springframework.transaction.config.internalTransactionAdvisor' via factory method to bean named 'transactionInterceptor'
2024-05-29T09:36:00.148+05:30 DEBUG 4556 --- [           main] o.s.u.c.s.UiApplicationContextUtils      : Unable to locate ThemeSource with name 'themeSource': using default [org.springframework.ui.context.support.ResourceBundleThemeSource@5b5a4aed]
2024-05-29T09:36:00.150+05:30 DEBUG 4556 --- [           main] o.s.b.f.s.DefaultListableBeanFactory     : Creating shared instance of singleton bean 'dataSourceScriptDatabaseInitializer'
2024-05-29T09:36:00.150+05:30 DEBUG 4556 --- [           main] o.s.b.f.s.DefaultListableBeanFactory     : Creating shared instance of singleton bean 'org.springframework.boot.autoconfigure.sql.init.DataSourceInitializationConfiguration'
2024-05-29T09:36:00.152+05:30 DEBUG 4556 --- [           main] o.s.b.f.s.DefaultListableBeanFactory     : Creating shared instance of singleton bean 'dataSource'
2024-05-29T09:36:00.152+05:30 DEBUG 4556 --- [           main] o.s.b.f.s.DefaultListableBeanFactory     : Creating shared instance of singleton bean 'org.springframework.boot.autoconfigure.jdbc.DataSourceConfiguration$Hikari'
2024-05-29T09:36:00.153+05:30 DEBUG 4556 --- [           main] o.s.b.f.s.DefaultListableBeanFactory     : Creating shared instance of singleton bean 'spring.datasource-org.springframework.boot.autoconfigure.jdbc.DataSourceProperties'
2024-05-29T09:36:00.157+05:30 DEBUG 4556 --- [           main] o.s.b.f.s.DefaultListableBeanFactory     : Creating shared instance of singleton bean 'org.springframework.boot.context.properties.BoundConfigurationProperties'
2024-05-29T09:36:00.193+05:30 DEBUG 4556 --- [           main] o.s.b.f.s.DefaultListableBeanFactory     : Creating shared instance of singleton bean 'jdbcConnectionDetails'
2024-05-29T09:36:00.194+05:30 DEBUG 4556 --- [           main] o.s.b.f.s.DefaultListableBeanFactory     : Creating shared instance of singleton bean 'org.springframework.boot.autoconfigure.jdbc.DataSourceAutoConfiguration$PooledDataSourceConfiguration'
2024-05-29T09:36:00.195+05:30 DEBUG 4556 --- [           main] o.s.b.f.s.DefaultListableBeanFactory     : Autowiring by type from bean name 'jdbcConnectionDetails' via factory method to bean named 'spring.datasource-org.springframework.boot.autoconfigure.jdbc.DataSourceProperties'
2024-05-29T09:36:00.197+05:30 DEBUG 4556 --- [           main] o.s.b.f.s.DefaultListableBeanFactory     : Autowiring by type from bean name 'dataSource' via factory method to bean named 'spring.datasource-org.springframework.boot.autoconfigure.jdbc.DataSourceProperties'
2024-05-29T09:36:00.198+05:30 DEBUG 4556 --- [           main] o.s.b.f.s.DefaultListableBeanFactory     : Autowiring by type from bean name 'dataSource' via factory method to bean named 'jdbcConnectionDetails'
2024-05-29T09:36:00.207+05:30 DEBUG 4556 --- [           main] com.zaxxer.hikari.HikariConfig           : Driver class com.mysql.cj.jdbc.Driver found in Thread context class loader jdk.internal.loader.ClassLoaders$AppClassLoader@c387f44
2024-05-29T09:36:00.246+05:30 DEBUG 4556 --- [           main] o.s.b.f.s.DefaultListableBeanFactory     : Creating shared instance of singleton bean 'spring.sql.init-org.springframework.boot.autoconfigure.sql.init.SqlInitializationProperties'
2024-05-29T09:36:00.251+05:30 DEBUG 4556 --- [           main] o.s.b.f.s.DefaultListableBeanFactory     : Autowiring by type from bean name 'dataSourceScriptDatabaseInitializer' via factory method to bean named 'dataSource'
2024-05-29T09:36:00.251+05:30 DEBUG 4556 --- [           main] o.s.b.f.s.DefaultListableBeanFactory     : Autowiring by type from bean name 'dataSourceScriptDatabaseInitializer' via factory method to bean named 'spring.sql.init-org.springframework.boot.autoconfigure.sql.init.SqlInitializationProperties'
2024-05-29T09:36:00.259+05:30 DEBUG 4556 --- [           main] o.s.b.f.s.DefaultListableBeanFactory     : Creating shared instance of singleton bean 'entityManagerFactory'
2024-05-29T09:36:00.259+05:30 DEBUG 4556 --- [           main] o.s.b.f.s.DefaultListableBeanFactory     : Creating shared instance of singleton bean 'org.springframework.boot.autoconfigure.orm.jpa.HibernateJpaConfiguration'
2024-05-29T09:36:00.261+05:30 DEBUG 4556 --- [           main] o.s.b.f.s.DefaultListableBeanFactory     : Creating shared instance of singleton bean 'spring.jpa-org.springframework.boot.autoconfigure.orm.jpa.JpaProperties'
2024-05-29T09:36:00.271+05:30 DEBUG 4556 --- [           main] o.s.b.f.s.DefaultListableBeanFactory     : Creating shared instance of singleton bean 'spring.jpa.hibernate-org.springframework.boot.autoconfigure.orm.jpa.HibernateProperties'
2024-05-29T09:36:00.274+05:30 DEBUG 4556 --- [           main] o.s.b.f.s.DefaultListableBeanFactory     : Autowiring by type from bean name 'org.springframework.boot.autoconfigure.orm.jpa.HibernateJpaConfiguration' via constructor to bean named 'dataSource'
2024-05-29T09:36:00.275+05:30 DEBUG 4556 --- [           main] o.s.b.f.s.DefaultListableBeanFactory     : Autowiring by type from bean name 'org.springframework.boot.autoconfigure.orm.jpa.HibernateJpaConfiguration' via constructor to bean named 'spring.jpa-org.springframework.boot.autoconfigure.orm.jpa.JpaProperties'
2024-05-29T09:36:00.275+05:30 DEBUG 4556 --- [           main] o.s.b.f.s.DefaultListableBeanFactory     : Autowiring by type from bean name 'org.springframework.boot.autoconfigure.orm.jpa.HibernateJpaConfiguration' via constructor to bean named 'org.springframework.beans.factory.support.DefaultListableBeanFactory@5e8a459'
2024-05-29T09:36:00.275+05:30 DEBUG 4556 --- [           main] o.s.b.f.s.DefaultListableBeanFactory     : Autowiring by type from bean name 'org.springframework.boot.autoconfigure.orm.jpa.HibernateJpaConfiguration' via constructor to bean named 'spring.jpa.hibernate-org.springframework.boot.autoconfigure.orm.jpa.HibernateProperties'
2024-05-29T09:36:00.282+05:30 DEBUG 4556 --- [           main] o.s.b.f.s.DefaultListableBeanFactory     : Creating shared instance of singleton bean 'hikariPoolDataSourceMetadataProvider'
2024-05-29T09:36:00.282+05:30 DEBUG 4556 --- [           main] o.s.b.f.s.DefaultListableBeanFactory     : Creating shared instance of singleton bean 'org.springframework.boot.autoconfigure.jdbc.metadata.DataSourcePoolMetadataProvidersConfiguration$HikariPoolDataSourceMetadataProviderConfiguration'
2024-05-29T09:36:00.288+05:30 DEBUG 4556 --- [           main] o.s.b.f.s.DefaultListableBeanFactory     : Creating shared instance of singleton bean 'entityManagerFactoryBuilder'
2024-05-29T09:36:00.290+05:30 DEBUG 4556 --- [           main] o.s.b.f.s.DefaultListableBeanFactory     : Creating shared instance of singleton bean 'jpaVendorAdapter'
2024-05-29T09:36:00.313+05:30 DEBUG 4556 --- [           main] o.s.b.f.s.DefaultListableBeanFactory     : Autowiring by type from bean name 'entityManagerFactoryBuilder' via factory method to bean named 'jpaVendorAdapter'
2024-05-29T09:36:00.319+05:30 DEBUG 4556 --- [           main] o.s.b.f.s.DefaultListableBeanFactory     : Creating shared instance of singleton bean 'persistenceManagedTypes'
2024-05-29T09:36:00.320+05:30 DEBUG 4556 --- [           main] o.s.b.f.s.DefaultListableBeanFactory     : Autowiring by type from bean name 'persistenceManagedTypes' via factory method to bean named 'org.springframework.beans.factory.support.DefaultListableBeanFactory@5e8a459'
2024-05-29T09:36:00.320+05:30 DEBUG 4556 --- [           main] o.s.b.f.s.DefaultListableBeanFactory     : Autowiring by type from bean name 'persistenceManagedTypes' via factory method to bean named 'org.springframework.web.context.support.GenericWebApplicationContext@5bd1ceca'
2024-05-29T09:36:00.333+05:30 DEBUG 4556 --- [           main] o.s.b.f.s.DefaultListableBeanFactory     : Autowiring by type from bean name 'entityManagerFactory' via factory method to bean named 'entityManagerFactoryBuilder'
2024-05-29T09:36:00.333+05:30 DEBUG 4556 --- [           main] o.s.b.f.s.DefaultListableBeanFactory     : Autowiring by type from bean name 'entityManagerFactory' via factory method to bean named 'persistenceManagedTypes'
2024-05-29T09:36:00.361+05:30 DEBUG 4556 --- [           main] j.LocalContainerEntityManagerFactoryBean : Building JPA container EntityManagerFactory for persistence unit 'default'
2024-05-29T09:36:00.398+05:30 DEBUG 4556 --- [           main] o.hibernate.jpa.internal.util.LogHelper  : PersistenceUnitInfo [
	name: default
	persistence provider classname: null
	classloader: jdk.internal.loader.ClassLoaders$AppClassLoader@c387f44
	excludeUnlistedClasses: true
	JTA datasource: null
	Non JTA datasource: HikariDataSource (null)
	Transaction type: RESOURCE_LOCAL
	PU root URL: file:/C:/Users/HEMANTH/Downloads/MovieReviews/MovieReviews/target/test-classes/
	Shared Cache Mode: UNSPECIFIED
	Validation Mode: AUTO
	Jar files URLs []
	Managed classes names [
		com.greviews.MovieReviews.models.Movie]
	Mapping files names []
	Properties []
2024-05-29T09:36:00.429+05:30 DEBUG 4556 --- [           main] o.h.i.internal.IntegratorServiceImpl     : Adding Integrator [org.hibernate.boot.beanvalidation.BeanValidationIntegrator].
2024-05-29T09:36:00.432+05:30 DEBUG 4556 --- [           main] o.h.i.internal.IntegratorServiceImpl     : Adding Integrator [org.hibernate.cache.internal.CollectionCacheInvalidator].
2024-05-29T09:36:00.522+05:30  INFO 4556 --- [           main] org.hibernate.Version                    : HHH000412: Hibernate ORM core version 6.4.4.Final
2024-05-29T09:36:00.523+05:30 DEBUG 4556 --- [           main] org.hibernate.cfg.Environment            : HHH000206: 'hibernate.properties' not found
2024-05-29T09:36:00.568+05:30 DEBUG 4556 --- [           main] org.hibernate.orm.idgen.factory          : Registering IdentifierGenerator strategy [uuid2] -> [org.hibernate.id.UUIDGenerator]
2024-05-29T09:36:00.568+05:30 DEBUG 4556 --- [           main] org.hibernate.orm.idgen.factory          : Registering IdentifierGenerator strategy [guid] -> [org.hibernate.id.GUIDGenerator]
2024-05-29T09:36:00.569+05:30 DEBUG 4556 --- [           main] org.hibernate.orm.idgen.factory          : Registering IdentifierGenerator strategy [uuid] -> [org.hibernate.id.UUIDHexGenerator]
2024-05-29T09:36:00.570+05:30 DEBUG 4556 --- [           main] org.hibernate.orm.idgen.factory          : Registering IdentifierGenerator strategy [uuid.hex] -> [org.hibernate.id.UUIDHexGenerator]
2024-05-29T09:36:00.570+05:30 DEBUG 4556 --- [           main] org.hibernate.orm.idgen.factory          : Registering IdentifierGenerator strategy [assigned] -> [org.hibernate.id.Assigned]
2024-05-29T09:36:00.571+05:30 DEBUG 4556 --- [           main] org.hibernate.orm.idgen.factory          : Registering IdentifierGenerator strategy [identity] -> [org.hibernate.id.IdentityGenerator]
2024-05-29T09:36:00.572+05:30 DEBUG 4556 --- [           main] org.hibernate.orm.idgen.factory          : Registering IdentifierGenerator strategy [select] -> [org.hibernate.id.SelectGenerator]
2024-05-29T09:36:00.573+05:30 DEBUG 4556 --- [           main] org.hibernate.orm.idgen.factory          : Registering IdentifierGenerator strategy [sequence] -> [org.hibernate.id.enhanced.SequenceStyleGenerator]
2024-05-29T09:36:00.575+05:30 DEBUG 4556 --- [           main] org.hibernate.orm.idgen.factory          : Registering IdentifierGenerator strategy [increment] -> [org.hibernate.id.IncrementGenerator]
2024-05-29T09:36:00.575+05:30 DEBUG 4556 --- [           main] org.hibernate.orm.idgen.factory          : Registering IdentifierGenerator strategy [foreign] -> [org.hibernate.id.ForeignGenerator]
2024-05-29T09:36:00.576+05:30 DEBUG 4556 --- [           main] org.hibernate.orm.idgen.factory          : Registering IdentifierGenerator strategy [enhanced-sequence] -> [org.hibernate.id.enhanced.SequenceStyleGenerator]
2024-05-29T09:36:00.577+05:30 DEBUG 4556 --- [           main] org.hibernate.orm.idgen.factory          : Registering IdentifierGenerator strategy [enhanced-table] -> [org.hibernate.id.enhanced.TableGenerator]
2024-05-29T09:36:00.592+05:30 DEBUG 4556 --- [           main] o.h.c.internal.RegionFactoryInitiator    : Cannot default RegionFactory based on registered strategies as `[]` RegionFactory strategies were registered
2024-05-29T09:36:00.593+05:30  INFO 4556 --- [           main] o.h.c.internal.RegionFactoryInitiator    : HHH000026: Second-level cache disabled
2024-05-29T09:36:00.838+05:30 DEBUG 4556 --- [           main] org.hibernate.type.BasicTypeRegistry     : Adding type registration boolean -> org.hibernate.type.BasicTypeReference@1cbc1dde
2024-05-29T09:36:00.838+05:30 DEBUG 4556 --- [           main] org.hibernate.type.BasicTypeRegistry     : Adding type registration boolean -> org.hibernate.type.BasicTypeReference@1cbc1dde
2024-05-29T09:36:00.838+05:30 DEBUG 4556 --- [           main] org.hibernate.type.BasicTypeRegistry     : Adding type registration java.lang.Boolean -> org.hibernate.type.BasicTypeReference@1cbc1dde
2024-05-29T09:36:00.838+05:30 DEBUG 4556 --- [           main] org.hibernate.type.BasicTypeRegistry     : Adding type registration numeric_boolean -> org.hibernate.type.BasicTypeReference@4971f459
2024-05-29T09:36:00.838+05:30 DEBUG 4556 --- [           main] org.hibernate.type.BasicTypeRegistry     : Adding type registration org.hibernate.type.NumericBooleanConverter -> org.hibernate.type.BasicTypeReference@4971f459
2024-05-29T09:36:00.839+05:30 DEBUG 4556 --- [           main] org.hibernate.type.BasicTypeRegistry     : Adding type registration true_false -> org.hibernate.type.BasicTypeReference@4c07d1fc
2024-05-29T09:36:00.839+05:30 DEBUG 4556 --- [           main] org.hibernate.type.BasicTypeRegistry     : Adding type registration org.hibernate.type.TrueFalseConverter -> org.hibernate.type.BasicTypeReference@4c07d1fc
2024-05-29T09:36:00.839+05:30 DEBUG 4556 --- [           main] org.hibernate.type.BasicTypeRegistry     : Adding type registration yes_no -> org.hibernate.type.BasicTypeReference@2eada095
2024-05-29T09:36:00.839+05:30 DEBUG 4556 --- [           main] org.hibernate.type.BasicTypeRegistry     : Adding type registration org.hibernate.type.YesNoConverter -> org.hibernate.type.BasicTypeReference@2eada095
2024-05-29T09:36:00.839+05:30 DEBUG 4556 --- [           main] org.hibernate.type.BasicTypeRegistry     : Adding type registration byte -> org.hibernate.type.BasicTypeReference@52831a73
2024-05-29T09:36:00.839+05:30 DEBUG 4556 --- [           main] org.hibernate.type.BasicTypeRegistry     : Adding type registration byte -> org.hibernate.type.BasicTypeReference@52831a73
2024-05-29T09:36:00.839+05:30 DEBUG 4556 --- [           main] org.hibernate.type.BasicTypeRegistry     : Adding type registration java.lang.Byte -> org.hibernate.type.BasicTypeReference@52831a73
2024-05-29T09:36:00.839+05:30 DEBUG 4556 --- [           main] org.hibernate.type.BasicTypeRegistry     : Adding type registration binary -> org.hibernate.type.BasicTypeReference@1416ff46
2024-05-29T09:36:00.840+05:30 DEBUG 4556 --- [           main] org.hibernate.type.BasicTypeRegistry     : Adding type registration byte[] -> org.hibernate.type.BasicTypeReference@1416ff46
2024-05-29T09:36:00.840+05:30 DEBUG 4556 --- [           main] org.hibernate.type.BasicTypeRegistry     : Adding type registration [B -> org.hibernate.type.BasicTypeReference@1416ff46
2024-05-29T09:36:00.840+05:30 DEBUG 4556 --- [           main] org.hibernate.type.BasicTypeRegistry     : Adding type registration binary_wrapper -> org.hibernate.type.BasicTypeReference@66ec4409
2024-05-29T09:36:00.840+05:30 DEBUG 4556 --- [           main] org.hibernate.type.BasicTypeRegistry     : Adding type registration wrapper-binary -> org.hibernate.type.BasicTypeReference@66ec4409
2024-05-29T09:36:00.840+05:30 DEBUG 4556 --- [           main] org.hibernate.type.BasicTypeRegistry     : Adding type registration image -> org.hibernate.type.BasicTypeReference@2506e949
2024-05-29T09:36:00.840+05:30 DEBUG 4556 --- [           main] org.hibernate.type.BasicTypeRegistry     : Adding type registration blob -> org.hibernate.type.BasicTypeReference@6f1c3f18
2024-05-29T09:36:00.840+05:30 DEBUG 4556 --- [           main] org.hibernate.type.BasicTypeRegistry     : Adding type registration java.sql.Blob -> org.hibernate.type.BasicTypeReference@6f1c3f18
2024-05-29T09:36:00.841+05:30 DEBUG 4556 --- [           main] org.hibernate.type.BasicTypeRegistry     : Adding type registration materialized_blob -> org.hibernate.type.BasicTypeReference@4c531172
2024-05-29T09:36:00.841+05:30 DEBUG 4556 --- [           main] org.hibernate.type.BasicTypeRegistry     : Adding type registration materialized_blob_wrapper -> org.hibernate.type.BasicTypeReference@489bc8fd
2024-05-29T09:36:00.841+05:30 DEBUG 4556 --- [           main] org.hibernate.type.BasicTypeRegistry     : Adding type registration short -> org.hibernate.type.BasicTypeReference@5ac53c06
2024-05-29T09:36:00.841+05:30 DEBUG 4556 --- [           main] org.hibernate.type.BasicTypeRegistry     : Adding type registration short -> org.hibernate.type.BasicTypeReference@5ac53c06
2024-05-29T09:36:00.841+05:30 DEBUG 4556 --- [           main] org.hibernate.type.BasicTypeRegistry     : Adding type registration java.lang.Short -> org.hibernate.type.BasicTypeReference@5ac53c06
2024-05-29T09:36:00.841+05:30 DEBUG 4556 --- [           main] org.hibernate.type.BasicTypeRegistry     : Adding type registration integer -> org.hibernate.type.BasicTypeReference@54af3cb9
2024-05-29T09:36:00.841+05:30 DEBUG 4556 --- [           main] org.hibernate.type.BasicTypeRegistry     : Adding type registration int -> org.hibernate.type.BasicTypeReference@54af3cb9
2024-05-29T09:36:00.841+05:30 DEBUG 4556 --- [           main] org.hibernate.type.BasicTypeRegistry     : Adding type registration java.lang.Integer -> org.hibernate.type.BasicTypeReference@54af3cb9
2024-05-29T09:36:00.841+05:30 DEBUG 4556 --- [           main] org.hibernate.type.BasicTypeRegistry     : Adding type registration long -> org.hibernate.type.BasicTypeReference@236fdf
2024-05-29T09:36:00.841+05:30 DEBUG 4556 --- [           main] org.hibernate.type.BasicTypeRegistry     : Adding type registration long -> org.hibernate.type.BasicTypeReference@236fdf
2024-05-29T09:36:00.841+05:30 DEBUG 4556 --- [           main] org.hibernate.type.BasicTypeRegistry     : Adding type registration java.lang.Long -> org.hibernate.type.BasicTypeReference@236fdf
2024-05-29T09:36:00.842+05:30 DEBUG 4556 --- [           main] org.hibernate.type.BasicTypeRegistry     : Adding type registration float -> org.hibernate.type.BasicTypeReference@16e99306
2024-05-29T09:36:00.842+05:30 DEBUG 4556 --- [           main] org.hibernate.type.BasicTypeRegistry     : Adding type registration float -> org.hibernate.type.BasicTypeReference@16e99306
2024-05-29T09:36:00.842+05:30 DEBUG 4556 --- [           main] org.hibernate.type.BasicTypeRegistry     : Adding type registration java.lang.Float -> org.hibernate.type.BasicTypeReference@16e99306
2024-05-29T09:36:00.842+05:30 DEBUG 4556 --- [           main] org.hibernate.type.BasicTypeRegistry     : Adding type registration double -> org.hibernate.type.BasicTypeReference@653fb8d1
2024-05-29T09:36:00.842+05:30 DEBUG 4556 --- [           main] org.hibernate.type.BasicTypeRegistry     : Adding type registration double -> org.hibernate.type.BasicTypeReference@653fb8d1
2024-05-29T09:36:00.842+05:30 DEBUG 4556 --- [           main] org.hibernate.type.BasicTypeRegistry     : Adding type registration java.lang.Double -> org.hibernate.type.BasicTypeReference@653fb8d1
2024-05-29T09:36:00.842+05:30 DEBUG 4556 --- [           main] org.hibernate.type.BasicTypeRegistry     : Adding type registration big_integer -> org.hibernate.type.BasicTypeReference@48581a3b
2024-05-29T09:36:00.842+05:30 DEBUG 4556 --- [           main] org.hibernate.type.BasicTypeRegistry     : Adding type registration java.math.BigInteger -> org.hibernate.type.BasicTypeReference@48581a3b
2024-05-29T09:36:00.843+05:30 DEBUG 4556 --- [           main] org.hibernate.type.BasicTypeRegistry     : Adding type registration big_decimal -> org.hibernate.type.BasicTypeReference@531ec978
2024-05-29T09:36:00.843+05:30 DEBUG 4556 --- [           main] org.hibernate.type.BasicTypeRegistry     : Adding type registration java.math.BigDecimal -> org.hibernate.type.BasicTypeReference@531ec978
2024-05-29T09:36:00.843+05:30 DEBUG 4556 --- [           main] org.hibernate.type.BasicTypeRegistry     : Adding type registration character -> org.hibernate.type.BasicTypeReference@93501be
2024-05-29T09:36:00.843+05:30 DEBUG 4556 --- [           main] org.hibernate.type.BasicTypeRegistry     : Adding type registration char -> org.hibernate.type.BasicTypeReference@93501be
2024-05-29T09:36:00.843+05:30 DEBUG 4556 --- [           main] org.hibernate.type.BasicTypeRegistry     : Adding type registration java.lang.Character -> org.hibernate.type.BasicTypeReference@93501be
2024-05-29T09:36:00.843+05:30 DEBUG 4556 --- [           main] org.hibernate.type.BasicTypeRegistry     : Adding type registration character_nchar -> org.hibernate.type.BasicTypeReference@11d4d979
2024-05-29T09:36:00.843+05:30 DEBUG 4556 --- [           main] org.hibernate.type.BasicTypeRegistry     : Adding type registration string -> org.hibernate.type.BasicTypeReference@195580ba
2024-05-29T09:36:00.843+05:30 DEBUG 4556 --- [           main] org.hibernate.type.BasicTypeRegistry     : Adding type registration java.lang.String -> org.hibernate.type.BasicTypeReference@195580ba
2024-05-29T09:36:00.843+05:30 DEBUG 4556 --- [           main] org.hibernate.type.BasicTypeRegistry     : Adding type registration nstring -> org.hibernate.type.BasicTypeReference@3c25cfe1
2024-05-29T09:36:00.843+05:30 DEBUG 4556 --- [           main] org.hibernate.type.BasicTypeRegistry     : Adding type registration characters -> org.hibernate.type.BasicTypeReference@1d3c112a
2024-05-29T09:36:00.843+05:30 DEBUG 4556 --- [           main] org.hibernate.type.BasicTypeRegistry     : Adding type registration char[] -> org.hibernate.type.BasicTypeReference@1d3c112a
2024-05-29T09:36:00.843+05:30 DEBUG 4556 --- [           main] org.hibernate.type.BasicTypeRegistry     : Adding type registration [C -> org.hibernate.type.BasicTypeReference@1d3c112a
2024-05-29T09:36:00.843+05:30 DEBUG 4556 --- [           main] org.hibernate.type.BasicTypeRegistry     : Adding type registration wrapper-characters -> org.hibernate.type.BasicTypeReference@2a140ce5
2024-05-29T09:36:00.844+05:30 DEBUG 4556 --- [           main] org.hibernate.type.BasicTypeRegistry     : Adding type registration text -> org.hibernate.type.BasicTypeReference@1f71194d
2024-05-29T09:36:00.844+05:30 DEBUG 4556 --- [           main] org.hibernate.type.BasicTypeRegistry     : Adding type registration ntext -> org.hibernate.type.BasicTypeReference@db99785
2024-05-29T09:36:00.844+05:30 DEBUG 4556 --- [           main] org.hibernate.type.BasicTypeRegistry     : Adding type registration clob -> org.hibernate.type.BasicTypeReference@70716259
2024-05-29T09:36:00.844+05:30 DEBUG 4556 --- [           main] org.hibernate.type.BasicTypeRegistry     : Adding type registration java.sql.Clob -> org.hibernate.type.BasicTypeReference@70716259
2024-05-29T09:36:00.844+05:30 DEBUG 4556 --- [           main] org.hibernate.type.BasicTypeRegistry     : Adding type registration nclob -> org.hibernate.type.BasicTypeReference@7a083b96
2024-05-29T09:36:00.844+05:30 DEBUG 4556 --- [           main] org.hibernate.type.BasicTypeRegistry     : Adding type registration java.sql.NClob -> org.hibernate.type.BasicTypeReference@7a083b96
2024-05-29T09:36:00.844+05:30 DEBUG 4556 --- [           main] org.hibernate.type.BasicTypeRegistry     : Adding type registration materialized_clob -> org.hibernate.type.BasicTypeReference@6da4feeb
2024-05-29T09:36:00.844+05:30 DEBUG 4556 --- [           main] org.hibernate.type.BasicTypeRegistry     : Adding type registration materialized_clob_char_array -> org.hibernate.type.BasicTypeReference@2c604965
2024-05-29T09:36:00.844+05:30 DEBUG 4556 --- [           main] org.hibernate.type.BasicTypeRegistry     : Adding type registration materialized_clob_character_array -> org.hibernate.type.BasicTypeReference@57f8951a
2024-05-29T09:36:00.844+05:30 DEBUG 4556 --- [           main] org.hibernate.type.BasicTypeRegistry     : Adding type registration materialized_nclob -> org.hibernate.type.BasicTypeReference@6c17c0f8
2024-05-29T09:36:00.844+05:30 DEBUG 4556 --- [           main] org.hibernate.type.BasicTypeRegistry     : Adding type registration materialized_nclob_character_array -> org.hibernate.type.BasicTypeReference@260e3837
2024-05-29T09:36:00.844+05:30 DEBUG 4556 --- [           main] org.hibernate.type.BasicTypeRegistry     : Adding type registration materialized_nclob_char_array -> org.hibernate.type.BasicTypeReference@88b76f2
2024-05-29T09:36:00.845+05:30 DEBUG 4556 --- [           main] org.hibernate.type.BasicTypeRegistry     : Adding type registration Duration -> org.hibernate.type.BasicTypeReference@1b4872bc
2024-05-29T09:36:00.845+05:30 DEBUG 4556 --- [           main] org.hibernate.type.BasicTypeRegistry     : Adding type registration java.time.Duration -> org.hibernate.type.BasicTypeReference@1b4872bc
2024-05-29T09:36:00.845+05:30 DEBUG 4556 --- [           main] org.hibernate.type.BasicTypeRegistry     : Adding type registration LocalDateTime -> org.hibernate.type.BasicTypeReference@498a612d
2024-05-29T09:36:00.845+05:30 DEBUG 4556 --- [           main] org.hibernate.type.BasicTypeRegistry     : Adding type registration java.time.LocalDateTime -> org.hibernate.type.BasicTypeReference@498a612d
2024-05-29T09:36:00.845+05:30 DEBUG 4556 --- [           main] org.hibernate.type.BasicTypeRegistry     : Adding type registration LocalDate -> org.hibernate.type.BasicTypeReference@1e1237ab
2024-05-29T09:36:00.845+05:30 DEBUG 4556 --- [           main] org.hibernate.type.BasicTypeRegistry     : Adding type registration java.time.LocalDate -> org.hibernate.type.BasicTypeReference@1e1237ab
2024-05-29T09:36:00.845+05:30 DEBUG 4556 --- [           main] org.hibernate.type.BasicTypeRegistry     : Adding type registration LocalTime -> org.hibernate.type.BasicTypeReference@4dfdfe7d
2024-05-29T09:36:00.845+05:30 DEBUG 4556 --- [           main] org.hibernate.type.BasicTypeRegistry     : Adding type registration java.time.LocalTime -> org.hibernate.type.BasicTypeReference@4dfdfe7d
2024-05-29T09:36:00.845+05:30 DEBUG 4556 --- [           main] org.hibernate.type.BasicTypeRegistry     : Adding type registration OffsetDateTime -> org.hibernate.type.BasicTypeReference@1578b8ec
2024-05-29T09:36:00.846+05:30 DEBUG 4556 --- [           main] org.hibernate.type.BasicTypeRegistry     : Adding type registration java.time.OffsetDateTime -> org.hibernate.type.BasicTypeReference@1578b8ec
2024-05-29T09:36:00.846+05:30 DEBUG 4556 --- [           main] org.hibernate.type.BasicTypeRegistry     : Adding type registration OffsetDateTimeWithTimezone -> org.hibernate.type.BasicTypeReference@f613067
2024-05-29T09:36:00.846+05:30 DEBUG 4556 --- [           main] org.hibernate.type.BasicTypeRegistry     : Adding type registration OffsetDateTimeWithoutTimezone -> org.hibernate.type.BasicTypeReference@c1e14f
2024-05-29T09:36:00.846+05:30 DEBUG 4556 --- [           main] org.hibernate.type.BasicTypeRegistry     : Adding type registration OffsetTime -> org.hibernate.type.BasicTypeReference@226de93c
2024-05-29T09:36:00.846+05:30 DEBUG 4556 --- [           main] org.hibernate.type.BasicTypeRegistry     : Adding type registration java.time.OffsetTime -> org.hibernate.type.BasicTypeReference@226de93c
2024-05-29T09:36:00.846+05:30 DEBUG 4556 --- [           main] org.hibernate.type.BasicTypeRegistry     : Adding type registration OffsetTimeUtc -> org.hibernate.type.BasicTypeReference@72028a45
2024-05-29T09:36:00.846+05:30 DEBUG 4556 --- [           main] org.hibernate.type.BasicTypeRegistry     : Adding type registration OffsetTimeWithTimezone -> org.hibernate.type.BasicTypeReference@74667e6a
2024-05-29T09:36:00.847+05:30 DEBUG 4556 --- [           main] org.hibernate.type.BasicTypeRegistry     : Adding type registration OffsetTimeWithoutTimezone -> org.hibernate.type.BasicTypeReference@7b222230
2024-05-29T09:36:00.848+05:30 DEBUG 4556 --- [           main] org.hibernate.type.BasicTypeRegistry     : Adding type registration ZonedDateTime -> org.hibernate.type.BasicTypeReference@364b1061
2024-05-29T09:36:00.848+05:30 DEBUG 4556 --- [           main] org.hibernate.type.BasicTypeRegistry     : Adding type registration java.time.ZonedDateTime -> org.hibernate.type.BasicTypeReference@364b1061
2024-05-29T09:36:00.849+05:30 DEBUG 4556 --- [           main] org.hibernate.type.BasicTypeRegistry     : Adding type registration ZonedDateTimeWithTimezone -> org.hibernate.type.BasicTypeReference@50fdf44f
2024-05-29T09:36:00.850+05:30 DEBUG 4556 --- [           main] org.hibernate.type.BasicTypeRegistry     : Adding type registration ZonedDateTimeWithoutTimezone -> org.hibernate.type.BasicTypeReference@172f4514
2024-05-29T09:36:00.856+05:30 DEBUG 4556 --- [           main] org.hibernate.type.BasicTypeRegistry     : Adding type registration date -> org.hibernate.type.BasicTypeReference@7df6d663
2024-05-29T09:36:00.857+05:30 DEBUG 4556 --- [           main] org.hibernate.type.BasicTypeRegistry     : Adding type registration java.sql.Date -> org.hibernate.type.BasicTypeReference@7df6d663
2024-05-29T09:36:00.857+05:30 DEBUG 4556 --- [           main] org.hibernate.type.BasicTypeRegistry     : Adding type registration time -> org.hibernate.type.BasicTypeReference@13d019a4
2024-05-29T09:36:00.858+05:30 DEBUG 4556 --- [           main] org.hibernate.type.BasicTypeRegistry     : Adding type registration java.sql.Time -> org.hibernate.type.BasicTypeReference@13d019a4
2024-05-29T09:36:00.859+05:30 DEBUG 4556 --- [           main] org.hibernate.type.BasicTypeRegistry     : Adding type registration timestamp -> org.hibernate.type.BasicTypeReference@2c30c81d
2024-05-29T09:36:00.859+05:30 DEBUG 4556 --- [           main] org.hibernate.type.BasicTypeRegistry     : Adding type registration java.sql.Timestamp -> org.hibernate.type.BasicTypeReference@2c30c81d
2024-05-29T09:36:00.859+05:30 DEBUG 4556 --- [           main] org.hibernate.type.BasicTypeRegistry     : Adding type registration java.util.Date -> org.hibernate.type.BasicTypeReference@2c30c81d
2024-05-29T09:36:00.859+05:30 DEBUG 4556 --- [           main] org.hibernate.type.BasicTypeRegistry     : Adding type registration calendar -> org.hibernate.type.BasicTypeReference@415a3f6a
2024-05-29T09:36:00.859+05:30 DEBUG 4556 --- [           main] org.hibernate.type.BasicTypeRegistry     : Adding type registration java.util.Calendar -> org.hibernate.type.BasicTypeReference@415a3f6a
2024-05-29T09:36:00.860+05:30 DEBUG 4556 --- [           main] org.hibernate.type.BasicTypeRegistry     : Adding type registration java.util.GregorianCalendar -> org.hibernate.type.BasicTypeReference@415a3f6a
2024-05-29T09:36:00.860+05:30 DEBUG 4556 --- [           main] org.hibernate.type.BasicTypeRegistry     : Adding type registration calendar_date -> org.hibernate.type.BasicTypeReference@19da993b
2024-05-29T09:36:00.861+05:30 DEBUG 4556 --- [           main] org.hibernate.type.BasicTypeRegistry     : Adding type registration calendar_time -> org.hibernate.type.BasicTypeReference@3380ca3d
2024-05-29T09:36:00.861+05:30 DEBUG 4556 --- [           main] org.hibernate.type.BasicTypeRegistry     : Adding type registration instant -> org.hibernate.type.BasicTypeReference@23310248
2024-05-29T09:36:00.861+05:30 DEBUG 4556 --- [           main] org.hibernate.type.BasicTypeRegistry     : Adding type registration java.time.Instant -> org.hibernate.type.BasicTypeReference@23310248
2024-05-29T09:36:00.861+05:30 DEBUG 4556 --- [           main] org.hibernate.type.BasicTypeRegistry     : Adding type registration uuid -> org.hibernate.type.BasicTypeReference@c2df90e
2024-05-29T09:36:00.861+05:30 DEBUG 4556 --- [           main] org.hibernate.type.BasicTypeRegistry     : Adding type registration java.util.UUID -> org.hibernate.type.BasicTypeReference@c2df90e
2024-05-29T09:36:00.861+05:30 DEBUG 4556 --- [           main] org.hibernate.type.BasicTypeRegistry     : Adding type registration pg-uuid -> org.hibernate.type.BasicTypeReference@c2df90e
2024-05-29T09:36:00.861+05:30 DEBUG 4556 --- [           main] org.hibernate.type.BasicTypeRegistry     : Adding type registration uuid-binary -> org.hibernate.type.BasicTypeReference@41f3aaf1
2024-05-29T09:36:00.861+05:30 DEBUG 4556 --- [           main] org.hibernate.type.BasicTypeRegistry     : Adding type registration uuid-char -> org.hibernate.type.BasicTypeReference@741741d0
2024-05-29T09:36:00.861+05:30 DEBUG 4556 --- [           main] org.hibernate.type.BasicTypeRegistry     : Adding type registration class -> org.hibernate.type.BasicTypeReference@5f9f3e58
2024-05-29T09:36:00.862+05:30 DEBUG 4556 --- [           main] org.hibernate.type.BasicTypeRegistry     : Adding type registration java.lang.Class -> org.hibernate.type.BasicTypeReference@5f9f3e58
2024-05-29T09:36:00.862+05:30 DEBUG 4556 --- [           main] org.hibernate.type.BasicTypeRegistry     : Adding type registration currency -> org.hibernate.type.BasicTypeReference@3c19592c
2024-05-29T09:36:00.862+05:30 DEBUG 4556 --- [           main] org.hibernate.type.BasicTypeRegistry     : Adding type registration Currency -> org.hibernate.type.BasicTypeReference@3c19592c
2024-05-29T09:36:00.862+05:30 DEBUG 4556 --- [           main] org.hibernate.type.BasicTypeRegistry     : Adding type registration java.util.Currency -> org.hibernate.type.BasicTypeReference@3c19592c
2024-05-29T09:36:00.862+05:30 DEBUG 4556 --- [           main] org.hibernate.type.BasicTypeRegistry     : Adding type registration locale -> org.hibernate.type.BasicTypeReference@60e1d87c
2024-05-29T09:36:00.862+05:30 DEBUG 4556 --- [           main] org.hibernate.type.BasicTypeRegistry     : Adding type registration java.util.Locale -> org.hibernate.type.BasicTypeReference@60e1d87c
2024-05-29T09:36:00.863+05:30 DEBUG 4556 --- [           main] org.hibernate.type.BasicTypeRegistry     : Adding type registration serializable -> org.hibernate.type.BasicTypeReference@2eb60c71
2024-05-29T09:36:00.863+05:30 DEBUG 4556 --- [           main] org.hibernate.type.BasicTypeRegistry     : Adding type registration java.io.Serializable -> org.hibernate.type.BasicTypeReference@2eb60c71
2024-05-29T09:36:00.863+05:30 DEBUG 4556 --- [           main] org.hibernate.type.BasicTypeRegistry     : Adding type registration timezone -> org.hibernate.type.BasicTypeReference@87d9a01
2024-05-29T09:36:00.863+05:30 DEBUG 4556 --- [           main] org.hibernate.type.BasicTypeRegistry     : Adding type registration java.util.TimeZone -> org.hibernate.type.BasicTypeReference@87d9a01
2024-05-29T09:36:00.863+05:30 DEBUG 4556 --- [           main] org.hibernate.type.BasicTypeRegistry     : Adding type registration ZoneOffset -> org.hibernate.type.BasicTypeReference@7e5b621b
2024-05-29T09:36:00.863+05:30 DEBUG 4556 --- [           main] org.hibernate.type.BasicTypeRegistry     : Adding type registration java.time.ZoneOffset -> org.hibernate.type.BasicTypeReference@7e5b621b
2024-05-29T09:36:00.863+05:30 DEBUG 4556 --- [           main] org.hibernate.type.BasicTypeRegistry     : Adding type registration url -> org.hibernate.type.BasicTypeReference@10177794
2024-05-29T09:36:00.865+05:30 DEBUG 4556 --- [           main] org.hibernate.type.BasicTypeRegistry     : Adding type registration java.net.URL -> org.hibernate.type.BasicTypeReference@10177794
2024-05-29T09:36:00.865+05:30 DEBUG 4556 --- [           main] org.hibernate.type.BasicTypeRegistry     : Adding type registration vector -> org.hibernate.type.BasicTypeReference@e5c2463
2024-05-29T09:36:00.865+05:30 DEBUG 4556 --- [           main] org.hibernate.type.BasicTypeRegistry     : Adding type registration row_version -> org.hibernate.type.BasicTypeReference@6a950a3b
2024-05-29T09:36:00.880+05:30 DEBUG 4556 --- [           main] org.hibernate.type.BasicTypeRegistry     : Adding type registration object -> org.hibernate.type.JavaObjectType@5d352de0
2024-05-29T09:36:00.881+05:30 DEBUG 4556 --- [           main] org.hibernate.type.BasicTypeRegistry     : Adding type registration java.lang.Object -> org.hibernate.type.JavaObjectType@5d352de0
2024-05-29T09:36:00.884+05:30 DEBUG 4556 --- [           main] org.hibernate.type.BasicTypeRegistry     : Adding type registration null -> org.hibernate.type.NullType@113ee1ce
2024-05-29T09:36:00.884+05:30 DEBUG 4556 --- [           main] org.hibernate.type.BasicTypeRegistry     : Adding type registration imm_date -> org.hibernate.type.BasicTypeReference@4d0cc83e
2024-05-29T09:36:00.884+05:30 DEBUG 4556 --- [           main] org.hibernate.type.BasicTypeRegistry     : Adding type registration imm_time -> org.hibernate.type.BasicTypeReference@43da0955
2024-05-29T09:36:00.885+05:30 DEBUG 4556 --- [           main] org.hibernate.type.BasicTypeRegistry     : Adding type registration imm_timestamp -> org.hibernate.type.BasicTypeReference@bc09d57
2024-05-29T09:36:00.885+05:30 DEBUG 4556 --- [           main] org.hibernate.type.BasicTypeRegistry     : Adding type registration imm_calendar -> org.hibernate.type.BasicTypeReference@6d963d70
2024-05-29T09:36:00.885+05:30 DEBUG 4556 --- [           main] org.hibernate.type.BasicTypeRegistry     : Adding type registration imm_calendar_date -> org.hibernate.type.BasicTypeReference@467045c4
2024-05-29T09:36:00.885+05:30 DEBUG 4556 --- [           main] org.hibernate.type.BasicTypeRegistry     : Adding type registration imm_calendar_time -> org.hibernate.type.BasicTypeReference@55736cfe
2024-05-29T09:36:00.885+05:30 DEBUG 4556 --- [           main] org.hibernate.type.BasicTypeRegistry     : Adding type registration imm_binary -> org.hibernate.type.BasicTypeReference@5a566922
2024-05-29T09:36:00.885+05:30 DEBUG 4556 --- [           main] org.hibernate.type.BasicTypeRegistry     : Adding type registration imm_serializable -> org.hibernate.type.BasicTypeReference@6f7a2a5
2024-05-29T09:36:00.895+05:30 DEBUG 4556 --- [           main] o.h.boot.internal.BootstrapContextImpl   : Injecting JPA temp ClassLoader [org.springframework.instrument.classloading.SimpleThrowawayClassLoader@30bbcf91] into BootstrapContext; was [null]
2024-05-29T09:36:00.895+05:30 DEBUG 4556 --- [           main] o.h.boot.internal.ClassLoaderAccessImpl  : ClassLoaderAccessImpl#injectTempClassLoader(org.springframework.instrument.classloading.SimpleThrowawayClassLoader@30bbcf91) [was null]
2024-05-29T09:36:00.896+05:30 DEBUG 4556 --- [           main] o.h.boot.internal.BootstrapContextImpl   : Injecting ScanEnvironment [org.hibernate.jpa.boot.internal.StandardJpaScanEnvironmentImpl@1e98b788] into BootstrapContext; was [null]
2024-05-29T09:36:00.897+05:30 DEBUG 4556 --- [           main] o.h.boot.internal.BootstrapContextImpl   : Injecting ScanOptions [org.hibernate.boot.archive.scan.internal.StandardScanOptions@794eeaf8] into BootstrapContext; was [org.hibernate.boot.archive.scan.internal.StandardScanOptions@37c5284a]
2024-05-29T09:36:01.211+05:30  INFO 4556 --- [           main] o.s.o.j.p.SpringPersistenceUnitInfo      : No LoadTimeWeaver setup: ignoring JPA class transformer
2024-05-29T09:36:01.211+05:30 DEBUG 4556 --- [           main] o.h.boot.internal.BootstrapContextImpl   : Injecting JPA temp ClassLoader [null] into BootstrapContext; was [org.springframework.instrument.classloading.SimpleThrowawayClassLoader@30bbcf91]
2024-05-29T09:36:01.211+05:30 DEBUG 4556 --- [           main] o.h.boot.internal.ClassLoaderAccessImpl  : ClassLoaderAccessImpl#injectTempClassLoader(null) [was org.springframework.instrument.classloading.SimpleThrowawayClassLoader@30bbcf91]
2024-05-29T09:36:01.258+05:30 DEBUG 4556 --- [           main] com.zaxxer.hikari.HikariConfig           : HikariPool-1 - configuration:
2024-05-29T09:36:01.265+05:30 DEBUG 4556 --- [           main] com.zaxxer.hikari.HikariConfig           : allowPoolSuspension.............false
2024-05-29T09:36:01.266+05:30 DEBUG 4556 --- [           main] com.zaxxer.hikari.HikariConfig           : autoCommit......................true
2024-05-29T09:36:01.266+05:30 DEBUG 4556 --- [           main] com.zaxxer.hikari.HikariConfig           : catalog.........................none
2024-05-29T09:36:01.266+05:30 DEBUG 4556 --- [           main] com.zaxxer.hikari.HikariConfig           : connectionInitSql...............none
2024-05-29T09:36:01.266+05:30 DEBUG 4556 --- [           main] com.zaxxer.hikari.HikariConfig           : connectionTestQuery.............none
2024-05-29T09:36:01.267+05:30 DEBUG 4556 --- [           main] com.zaxxer.hikari.HikariConfig           : connectionTimeout...............30000
2024-05-29T09:36:01.268+05:30 DEBUG 4556 --- [           main] com.zaxxer.hikari.HikariConfig           : dataSource......................none
2024-05-29T09:36:01.268+05:30 DEBUG 4556 --- [           main] com.zaxxer.hikari.HikariConfig           : dataSourceClassName.............none
2024-05-29T09:36:01.268+05:30 DEBUG 4556 --- [           main] com.zaxxer.hikari.HikariConfig           : dataSourceJNDI..................none
2024-05-29T09:36:01.268+05:30 DEBUG 4556 --- [           main] com.zaxxer.hikari.HikariConfig           : dataSourceProperties............{password=<masked>}
2024-05-29T09:36:01.268+05:30 DEBUG 4556 --- [           main] com.zaxxer.hikari.HikariConfig           : driverClassName................."com.mysql.cj.jdbc.Driver"
2024-05-29T09:36:01.269+05:30 DEBUG 4556 --- [           main] com.zaxxer.hikari.HikariConfig           : exceptionOverrideClassName......none
2024-05-29T09:36:01.269+05:30 DEBUG 4556 --- [           main] com.zaxxer.hikari.HikariConfig           : healthCheckProperties...........{}
2024-05-29T09:36:01.269+05:30 DEBUG 4556 --- [           main] com.zaxxer.hikari.HikariConfig           : healthCheckRegistry.............none
2024-05-29T09:36:01.269+05:30 DEBUG 4556 --- [           main] com.zaxxer.hikari.HikariConfig           : idleTimeout.....................600000
2024-05-29T09:36:01.269+05:30 DEBUG 4556 --- [           main] com.zaxxer.hikari.HikariConfig           : initializationFailTimeout.......1
2024-05-29T09:36:01.269+05:30 DEBUG 4556 --- [           main] com.zaxxer.hikari.HikariConfig           : isolateInternalQueries..........false
2024-05-29T09:36:01.270+05:30 DEBUG 4556 --- [           main] com.zaxxer.hikari.HikariConfig           : jdbcUrl.........................jdbc:mysql://localhost:3306/moviereviewmanagement?createDatabaseIfNotExist=true
2024-05-29T09:36:01.270+05:30 DEBUG 4556 --- [           main] com.zaxxer.hikari.HikariConfig           : keepaliveTime...................0
2024-05-29T09:36:01.270+05:30 DEBUG 4556 --- [           main] com.zaxxer.hikari.HikariConfig           : leakDetectionThreshold..........0
2024-05-29T09:36:01.270+05:30 DEBUG 4556 --- [           main] com.zaxxer.hikari.HikariConfig           : maxLifetime.....................1800000
2024-05-29T09:36:01.270+05:30 DEBUG 4556 --- [           main] com.zaxxer.hikari.HikariConfig           : maximumPoolSize.................10
2024-05-29T09:36:01.270+05:30 DEBUG 4556 --- [           main] com.zaxxer.hikari.HikariConfig           : metricRegistry..................none
2024-05-29T09:36:01.271+05:30 DEBUG 4556 --- [           main] com.zaxxer.hikari.HikariConfig           : metricsTrackerFactory...........none
2024-05-29T09:36:01.271+05:30 DEBUG 4556 --- [           main] com.zaxxer.hikari.HikariConfig           : minimumIdle.....................10
2024-05-29T09:36:01.271+05:30 DEBUG 4556 --- [           main] com.zaxxer.hikari.HikariConfig           : password........................<masked>
2024-05-29T09:36:01.271+05:30 DEBUG 4556 --- [           main] com.zaxxer.hikari.HikariConfig           : poolName........................"HikariPool-1"
2024-05-29T09:36:01.271+05:30 DEBUG 4556 --- [           main] com.zaxxer.hikari.HikariConfig           : readOnly........................false
2024-05-29T09:36:01.271+05:30 DEBUG 4556 --- [           main] com.zaxxer.hikari.HikariConfig           : registerMbeans..................false
2024-05-29T09:36:01.271+05:30 DEBUG 4556 --- [           main] com.zaxxer.hikari.HikariConfig           : scheduledExecutor...............none
2024-05-29T09:36:01.272+05:30 DEBUG 4556 --- [           main] com.zaxxer.hikari.HikariConfig           : schema..........................none
2024-05-29T09:36:01.272+05:30 DEBUG 4556 --- [           main] com.zaxxer.hikari.HikariConfig           : threadFactory...................internal
2024-05-29T09:36:01.272+05:30 DEBUG 4556 --- [           main] com.zaxxer.hikari.HikariConfig           : transactionIsolation............default
2024-05-29T09:36:01.272+05:30 DEBUG 4556 --- [           main] com.zaxxer.hikari.HikariConfig           : username........................"root"
2024-05-29T09:36:01.272+05:30 DEBUG 4556 --- [           main] com.zaxxer.hikari.HikariConfig           : validationTimeout...............5000
2024-05-29T09:36:01.272+05:30  INFO 4556 --- [           main] com.zaxxer.hikari.HikariDataSource       : HikariPool-1 - Starting...
2024-05-29T09:36:01.838+05:30 DEBUG 4556 --- [           main] jdk.event.security                       : X509Certificate: Alg:SHA256withRSA, Serial:2, Subject:CN=MySQL_Server_8.0.25_Auto_Generated_Server_Certificate, Issuer:CN=MySQL_Server_8.0.25_Auto_Generated_CA_Certificate, Key type:RSA, Length:2048, Cert Id:-1314701464, Valid from:23/06/21, 8:03 pm, Valid until:21/06/31, 8:03 pm
2024-05-29T09:36:01.839+05:30 DEBUG 4556 --- [           main] jdk.event.security                       : X509Certificate: Alg:SHA256withRSA, Serial:1, Subject:CN=MySQL_Server_8.0.25_Auto_Generated_CA_Certificate, Issuer:CN=MySQL_Server_8.0.25_Auto_Generated_CA_Certificate, Key type:RSA, Length:2048, Cert Id:576823801, Valid from:23/06/21, 8:03 pm, Valid until:21/06/31, 8:03 pm
2024-05-29T09:36:01.858+05:30 DEBUG 4556 --- [           main] jdk.event.security                       :  TLSHandshake: localhost:3306, TLSv1.3, TLS_AES_256_GCM_SHA384, -1314701464
2024-05-29T09:36:01.946+05:30  INFO 4556 --- [           main] com.zaxxer.hikari.pool.HikariPool        : HikariPool-1 - Added connection com.mysql.cj.jdbc.ConnectionImpl@32e697ac
2024-05-29T09:36:01.949+05:30  INFO 4556 --- [           main] com.zaxxer.hikari.HikariDataSource       : HikariPool-1 - Start completed.
2024-05-29T09:36:01.955+05:30 DEBUG 4556 --- [           main] o.h.e.j.e.i.JdbcEnvironmentInitiator     : Database ->
       name : MySQL
    version : 8.0.34
      major : 8
      minor : 0
2024-05-29T09:36:01.956+05:30 DEBUG 4556 --- [           main] o.h.e.j.e.i.JdbcEnvironmentInitiator     : Driver ->
       name : MySQL Connector/J
    version : mysql-connector-j-8.3.0 (Revision: 805f872a57875f311cb82487efcfb070411a3fa0)
      major : 8
      minor : 3
2024-05-29T09:36:01.956+05:30 DEBUG 4556 --- [           main] o.h.e.j.e.i.JdbcEnvironmentInitiator     : JDBC version : 4.2
2024-05-29T09:36:02.058+05:30 DEBUG 4556 --- [l-1 housekeeper] com.zaxxer.hikari.pool.HikariPool        : HikariPool-1 - Pool stats (total=1, active=1, idle=0, waiting=0)
2024-05-29T09:36:02.092+05:30 DEBUG 4556 --- [onnection adder] jdk.event.security                       :  TLSHandshake: localhost:3306, TLSv1.3, TLS_AES_256_GCM_SHA384, -1314701464
2024-05-29T09:36:02.106+05:30 DEBUG 4556 --- [onnection adder] com.zaxxer.hikari.pool.HikariPool        : HikariPool-1 - Added connection com.mysql.cj.jdbc.ConnectionImpl@139cbb90
2024-05-29T09:36:02.134+05:30 DEBUG 4556 --- [           main] org.hibernate.orm.dialect                : HHH035001: Using dialect: org.hibernate.dialect.MySQLDialect, version: 8.0.34
2024-05-29T09:36:02.149+05:30 DEBUG 4556 --- [onnection adder] jdk.event.security                       :  TLSHandshake: localhost:3306, TLSv1.3, TLS_AES_256_GCM_SHA384, -1314701464
2024-05-29T09:36:02.151+05:30 DEBUG 4556 --- [           main] o.h.e.j.env.spi.IdentifierHelperBuilder  : JDBC driver metadata reported database stores quoted identifiers in more than one case
2024-05-29T09:36:02.152+05:30 DEBUG 4556 --- [           main] o.h.e.j.env.spi.IdentifierHelperBuilder  : IdentifierCaseStrategy for both quoted and unquoted identifiers was set to the same strategy [LOWER]; that will likely lead to problems in schema update and validation if using quoted identifiers
2024-05-29T09:36:02.158+05:30 DEBUG 4556 --- [onnection adder] com.zaxxer.hikari.pool.HikariPool        : HikariPool-1 - Added connection com.mysql.cj.jdbc.ConnectionImpl@150f5cba
2024-05-29T09:36:02.181+05:30 DEBUG 4556 --- [           main] o.h.t.d.sql.spi.DdlTypeRegistry          : addDescriptor(12, org.hibernate.type.descriptor.sql.internal.CapacityDependentDdlType@6ac756b) replaced previous registration(org.hibernate.type.descriptor.sql.internal.CapacityDependentDdlType@156324b)
2024-05-29T09:36:02.181+05:30 DEBUG 4556 --- [           main] o.h.t.d.sql.spi.DdlTypeRegistry          : addDescriptor(-9, org.hibernate.type.descriptor.sql.internal.CapacityDependentDdlType@38a38ed4) replaced previous registration(org.hibernate.type.descriptor.sql.internal.CapacityDependentDdlType@1e29a81a)
2024-05-29T09:36:02.181+05:30 DEBUG 4556 --- [           main] o.h.t.d.sql.spi.DdlTypeRegistry          : addDescriptor(-3, org.hibernate.type.descriptor.sql.internal.CapacityDependentDdlType@7b4b8199) replaced previous registration(org.hibernate.type.descriptor.sql.internal.CapacityDependentDdlType@4bbf20d1)
2024-05-29T09:36:02.181+05:30 DEBUG 4556 --- [           main] o.h.t.d.sql.spi.DdlTypeRegistry          : addDescriptor(4003, org.hibernate.type.descriptor.sql.internal.DdlTypeImpl@6fced25c) replaced previous registration(org.hibernate.type.descriptor.sql.internal.DdlTypeImpl@3cf4dec7)
2024-05-29T09:36:02.182+05:30 DEBUG 4556 --- [           main] o.h.t.d.sql.spi.DdlTypeRegistry          : addDescriptor(4001, org.hibernate.type.descriptor.sql.internal.DdlTypeImpl@1b94c789) replaced previous registration(org.hibernate.type.descriptor.sql.internal.DdlTypeImpl@299fc582)
2024-05-29T09:36:02.182+05:30 DEBUG 4556 --- [           main] o.h.t.d.sql.spi.DdlTypeRegistry          : addDescriptor(4002, org.hibernate.type.descriptor.sql.internal.DdlTypeImpl@305aaedf) replaced previous registration(org.hibernate.type.descriptor.sql.internal.DdlTypeImpl@2a425cf5)
2024-05-29T09:36:02.182+05:30 DEBUG 4556 --- [           main] o.h.t.d.sql.spi.DdlTypeRegistry          : addDescriptor(2004, org.hibernate.type.descriptor.sql.internal.CapacityDependentDdlType@17d76ebb) replaced previous registration(org.hibernate.type.descriptor.sql.internal.DdlTypeImpl@40b31a16)
2024-05-29T09:36:02.182+05:30 DEBUG 4556 --- [           main] o.h.t.d.sql.spi.DdlTypeRegistry          : addDescriptor(2005, org.hibernate.type.descriptor.sql.internal.CapacityDependentDdlType@25fa6889) replaced previous registration(org.hibernate.type.descriptor.sql.internal.DdlTypeImpl@1de73d37)
2024-05-29T09:36:02.182+05:30 DEBUG 4556 --- [           main] o.h.t.d.sql.spi.DdlTypeRegistry          : addDescriptor(2011, org.hibernate.type.descriptor.sql.internal.CapacityDependentDdlType@31693a86) replaced previous registration(org.hibernate.type.descriptor.sql.internal.DdlTypeImpl@69d2e517)
2024-05-29T09:36:02.184+05:30 DEBUG 4556 --- [           main] o.h.t.d.jdbc.spi.JdbcTypeRegistry        : addDescriptor(NCharTypeDescriptor) replaced previous registration(CharTypeDescriptor)
2024-05-29T09:36:02.184+05:30 DEBUG 4556 --- [           main] o.h.t.d.jdbc.spi.JdbcTypeRegistry        : addDescriptor(NVarcharTypeDescriptor) replaced previous registration(VarcharTypeDescriptor)
2024-05-29T09:36:02.185+05:30 DEBUG 4556 --- [           main] o.h.t.d.jdbc.spi.JdbcTypeRegistry        : addDescriptor(LongNVarcharTypeDescriptor) replaced previous registration(LongVarcharTypeDescriptor)
2024-05-29T09:36:02.187+05:30 DEBUG 4556 --- [           main] o.h.t.d.jdbc.spi.JdbcTypeRegistry        : addDescriptor(NClobTypeDescriptor(DEFAULT)) replaced previous registration(ClobTypeDescriptor(DEFAULT))
2024-05-29T09:36:02.188+05:30 DEBUG 4556 --- [           main] o.h.t.d.jdbc.spi.JdbcTypeRegistry        : addDescriptor(2005, ClobTypeDescriptor(STREAM_BINDING)) replaced previous registration(ClobTypeDescriptor(DEFAULT))
2024-05-29T09:36:02.192+05:30 DEBUG 4556 --- [           main] org.hibernate.type.BasicTypeRegistry     : Adding type registration null -> org.hibernate.type.NullType@3f1158ee
2024-05-29T09:36:02.192+05:30 DEBUG 4556 --- [           main] org.hibernate.type.BasicTypeRegistry     : Type registration key [null] overrode previous entry : `org.hibernate.type.NullType@113ee1ce`
2024-05-29T09:36:02.198+05:30 DEBUG 4556 --- [           main] org.hibernate.type.BasicTypeRegistry     : Adding type registration org.hibernate.type.DurationType -> basicType@1(java.time.Duration,3015)
2024-05-29T09:36:02.198+05:30 DEBUG 4556 --- [           main] org.hibernate.type.BasicTypeRegistry     : Adding type registration Duration -> basicType@1(java.time.Duration,3015)
2024-05-29T09:36:02.198+05:30 DEBUG 4556 --- [           main] org.hibernate.type.BasicTypeRegistry     : Adding type registration java.time.Duration -> basicType@1(java.time.Duration,3015)
2024-05-29T09:36:02.204+05:30 DEBUG 4556 --- [onnection adder] jdk.event.security                       :  TLSHandshake: localhost:3306, TLSv1.3, TLS_AES_256_GCM_SHA384, -1314701464
2024-05-29T09:36:02.205+05:30 DEBUG 4556 --- [           main] org.hibernate.type.BasicTypeRegistry     : Adding type registration org.hibernate.type.OffsetDateTimeType -> basicType@2(java.time.OffsetDateTime,3003)
2024-05-29T09:36:02.205+05:30 DEBUG 4556 --- [           main] org.hibernate.type.BasicTypeRegistry     : Adding type registration OffsetDateTime -> basicType@2(java.time.OffsetDateTime,3003)
2024-05-29T09:36:02.205+05:30 DEBUG 4556 --- [           main] org.hibernate.type.BasicTypeRegistry     : Adding type registration java.time.OffsetDateTime -> basicType@2(java.time.OffsetDateTime,3003)
2024-05-29T09:36:02.205+05:30 DEBUG 4556 --- [           main] org.hibernate.type.BasicTypeRegistry     : Adding type registration org.hibernate.type.ZonedDateTimeType -> basicType@3(java.time.ZonedDateTime,3003)
2024-05-29T09:36:02.205+05:30 DEBUG 4556 --- [           main] org.hibernate.type.BasicTypeRegistry     : Adding type registration ZonedDateTime -> basicType@3(java.time.ZonedDateTime,3003)
2024-05-29T09:36:02.205+05:30 DEBUG 4556 --- [           main] org.hibernate.type.BasicTypeRegistry     : Adding type registration java.time.ZonedDateTime -> basicType@3(java.time.ZonedDateTime,3003)
2024-05-29T09:36:02.206+05:30 DEBUG 4556 --- [           main] org.hibernate.type.BasicTypeRegistry     : Adding type registration org.hibernate.type.OffsetTimeType -> basicType@4(java.time.OffsetTime,3007)
2024-05-29T09:36:02.206+05:30 DEBUG 4556 --- [           main] org.hibernate.type.BasicTypeRegistry     : Adding type registration OffsetTime -> basicType@4(java.time.OffsetTime,3007)
2024-05-29T09:36:02.206+05:30 DEBUG 4556 --- [           main] org.hibernate.type.BasicTypeRegistry     : Adding type registration java.time.OffsetTime -> basicType@4(java.time.OffsetTime,3007)
2024-05-29T09:36:02.208+05:30 DEBUG 4556 --- [           main] o.h.type.spi.TypeConfiguration$Scope     : Scoping TypeConfiguration [org.hibernate.type.spi.TypeConfiguration@a4df251] to MetadataBuildingContext [org.hibernate.boot.internal.MetadataBuildingContextRootImpl@71e7830a]
2024-05-29T09:36:02.212+05:30 DEBUG 4556 --- [onnection adder] com.zaxxer.hikari.pool.HikariPool        : HikariPool-1 - Added connection com.mysql.cj.jdbc.ConnectionImpl@6dfd9619
2024-05-29T09:36:02.251+05:30 DEBUG 4556 --- [onnection adder] jdk.event.security                       :  TLSHandshake: localhost:3306, TLSv1.3, TLS_AES_256_GCM_SHA384, -1314701464
2024-05-29T09:36:02.261+05:30 DEBUG 4556 --- [onnection adder] com.zaxxer.hikari.pool.HikariPool        : HikariPool-1 - Added connection com.mysql.cj.jdbc.ConnectionImpl@5d0b3e83
2024-05-29T09:36:02.266+05:30 DEBUG 4556 --- [           main] o.h.boot.model.relational.Namespace      : Created database namespace [logicalName=Name{catalog=null, schema=null}, physicalName=Name{catalog=null, schema=null}]
2024-05-29T09:36:02.302+05:30 DEBUG 4556 --- [onnection adder] jdk.event.security                       :  TLSHandshake: localhost:3306, TLSv1.3, TLS_AES_256_GCM_SHA384, -1314701464
2024-05-29T09:36:02.314+05:30 DEBUG 4556 --- [           main] o.h.boot.model.internal.EntityBinder     : Binding entity from annotated class: com.greviews.MovieReviews.models.Movie
2024-05-29T09:36:02.315+05:30 DEBUG 4556 --- [onnection adder] com.zaxxer.hikari.pool.HikariPool        : HikariPool-1 - Added connection com.mysql.cj.jdbc.ConnectionImpl@32bb4fae
2024-05-29T09:36:02.330+05:30 DEBUG 4556 --- [           main] o.h.boot.model.internal.EntityBinder     : Import with entity name Movie
2024-05-29T09:36:02.343+05:30 DEBUG 4556 --- [           main] o.h.boot.model.internal.EntityBinder     : Bind entity com.greviews.MovieReviews.models.Movie on table movie
2024-05-29T09:36:02.351+05:30 DEBUG 4556 --- [onnection adder] jdk.event.security                       :  TLSHandshake: localhost:3306, TLSv1.3, TLS_AES_256_GCM_SHA384, -1314701464
2024-05-29T09:36:02.360+05:30 DEBUG 4556 --- [onnection adder] com.zaxxer.hikari.pool.HikariPool        : HikariPool-1 - Added connection com.mysql.cj.jdbc.ConnectionImpl@53fbe073
2024-05-29T09:36:02.366+05:30 DEBUG 4556 --- [           main] o.h.boot.model.internal.AnnotatedColumn  : Binding column: AnnotatedDiscriminatorColumn(column='DTYPE')
2024-05-29T09:36:02.399+05:30 DEBUG 4556 --- [onnection adder] jdk.event.security                       :  TLSHandshake: localhost:3306, TLSv1.3, TLS_AES_256_GCM_SHA384, -1314701464
2024-05-29T09:36:02.408+05:30 DEBUG 4556 --- [onnection adder] com.zaxxer.hikari.pool.HikariPool        : HikariPool-1 - Added connection com.mysql.cj.jdbc.ConnectionImpl@9215177
2024-05-29T09:36:02.408+05:30 DEBUG 4556 --- [           main] o.h.boot.model.internal.AnnotatedColumn  : Binding column: AnnotatedColumn()
2024-05-29T09:36:02.410+05:30 DEBUG 4556 --- [           main] o.h.boot.internal.ClassLoaderAccessImpl  : Not known whether passed class name [com.greviews.MovieReviews.models.Movie] is safe
2024-05-29T09:36:02.410+05:30 DEBUG 4556 --- [           main] o.h.boot.internal.ClassLoaderAccessImpl  : No temp ClassLoader provided; using live ClassLoader for loading potentially unsafe class : com.greviews.MovieReviews.models.Movie
2024-05-29T09:36:02.415+05:30 DEBUG 4556 --- [           main] o.h.boot.model.internal.PropertyBinder   : MetadataSourceProcessor property id with lazy=false
2024-05-29T09:36:02.422+05:30 DEBUG 4556 --- [           main] o.h.b.m.internal.AbstractPropertyHolder  : Attempting to locate auto-apply AttributeConverter for property [com.greviews.MovieReviews.models.Movie:id]
2024-05-29T09:36:02.428+05:30 DEBUG 4556 --- [           main] o.h.b.model.internal.BasicValueBinder    : building BasicValue for id
2024-05-29T09:36:02.433+05:30 DEBUG 4556 --- [           main] org.hibernate.mapping.BasicValue         : Skipping column re-registration: movie.id
2024-05-29T09:36:02.434+05:30 DEBUG 4556 --- [           main] o.h.boot.model.internal.PropertyBinder   : Building property id
2024-05-29T09:36:02.439+05:30 DEBUG 4556 --- [           main] o.h.boot.model.internal.BinderHelper     : #makeIdGenerator(BasicValue([Column(id)]), id, identity, , ...)
2024-05-29T09:36:02.443+05:30 DEBUG 4556 --- [           main] o.h.boot.model.internal.AnnotatedColumn  : Binding column: AnnotatedColumn()
2024-05-29T09:36:02.443+05:30 DEBUG 4556 --- [           main] o.h.boot.model.internal.PropertyBinder   : MetadataSourceProcessor property cast with lazy=false
2024-05-29T09:36:02.443+05:30 DEBUG 4556 --- [onnection adder] jdk.event.security                       :  TLSHandshake: localhost:3306, TLSv1.3, TLS_AES_256_GCM_SHA384, -1314701464
2024-05-29T09:36:02.443+05:30 DEBUG 4556 --- [           main] o.h.b.m.internal.AbstractPropertyHolder  : Attempting to locate auto-apply AttributeConverter for property [com.greviews.MovieReviews.models.Movie:cast]
2024-05-29T09:36:02.444+05:30 DEBUG 4556 --- [           main] o.h.b.model.internal.BasicValueBinder    : building BasicValue for cast
2024-05-29T09:36:02.444+05:30 DEBUG 4556 --- [           main] org.hibernate.mapping.BasicValue         : Skipping column re-registration: movie.cast
2024-05-29T09:36:02.444+05:30 DEBUG 4556 --- [           main] o.h.boot.model.internal.PropertyBinder   : Building property cast
2024-05-29T09:36:02.445+05:30 DEBUG 4556 --- [           main] o.h.boot.model.internal.AnnotatedColumn  : Binding column: AnnotatedColumn()
2024-05-29T09:36:02.446+05:30 DEBUG 4556 --- [           main] o.h.boot.model.internal.PropertyBinder   : MetadataSourceProcessor property cinematographer with lazy=false
2024-05-29T09:36:02.446+05:30 DEBUG 4556 --- [           main] o.h.b.m.internal.AbstractPropertyHolder  : Attempting to locate auto-apply AttributeConverter for property [com.greviews.MovieReviews.models.Movie:cinematographer]
2024-05-29T09:36:02.446+05:30 DEBUG 4556 --- [           main] o.h.b.model.internal.BasicValueBinder    : building BasicValue for cinematographer
2024-05-29T09:36:02.446+05:30 DEBUG 4556 --- [           main] org.hibernate.mapping.BasicValue         : Skipping column re-registration: movie.cinematographer
2024-05-29T09:36:02.446+05:30 DEBUG 4556 --- [           main] o.h.boot.model.internal.PropertyBinder   : Building property cinematographer
2024-05-29T09:36:02.447+05:30 DEBUG 4556 --- [           main] o.h.boot.model.internal.AnnotatedColumn  : Binding column: AnnotatedColumn()
2024-05-29T09:36:02.447+05:30 DEBUG 4556 --- [           main] o.h.boot.model.internal.PropertyBinder   : MetadataSourceProcessor property director with lazy=false
2024-05-29T09:36:02.447+05:30 DEBUG 4556 --- [           main] o.h.b.m.internal.AbstractPropertyHolder  : Attempting to locate auto-apply AttributeConverter for property [com.greviews.MovieReviews.models.Movie:director]
2024-05-29T09:36:02.448+05:30 DEBUG 4556 --- [           main] o.h.b.model.internal.BasicValueBinder    : building BasicValue for director
2024-05-29T09:36:02.448+05:30 DEBUG 4556 --- [           main] org.hibernate.mapping.BasicValue         : Skipping column re-registration: movie.director
2024-05-29T09:36:02.448+05:30 DEBUG 4556 --- [           main] o.h.boot.model.internal.PropertyBinder   : Building property director
2024-05-29T09:36:02.448+05:30 DEBUG 4556 --- [           main] o.h.boot.model.internal.AnnotatedColumn  : Binding column: AnnotatedColumn()
2024-05-29T09:36:02.449+05:30 DEBUG 4556 --- [           main] o.h.boot.model.internal.PropertyBinder   : MetadataSourceProcessor property duration with lazy=false
2024-05-29T09:36:02.449+05:30 DEBUG 4556 --- [           main] o.h.b.m.internal.AbstractPropertyHolder  : Attempting to locate auto-apply AttributeConverter for property [com.greviews.MovieReviews.models.Movie:duration]
2024-05-29T09:36:02.449+05:30 DEBUG 4556 --- [           main] o.h.b.model.internal.BasicValueBinder    : building BasicValue for duration
2024-05-29T09:36:02.450+05:30 DEBUG 4556 --- [           main] org.hibernate.mapping.BasicValue         : Skipping column re-registration: movie.duration
2024-05-29T09:36:02.450+05:30 DEBUG 4556 --- [           main] o.h.boot.model.internal.PropertyBinder   : Building property duration
2024-05-29T09:36:02.451+05:30 DEBUG 4556 --- [           main] o.h.boot.model.internal.AnnotatedColumn  : Binding column: AnnotatedColumn()
2024-05-29T09:36:02.451+05:30 DEBUG 4556 --- [           main] o.h.boot.model.internal.PropertyBinder   : MetadataSourceProcessor property editor with lazy=false
2024-05-29T09:36:02.451+05:30 DEBUG 4556 --- [           main] o.h.b.m.internal.AbstractPropertyHolder  : Attempting to locate auto-apply AttributeConverter for property [com.greviews.MovieReviews.models.Movie:editor]
2024-05-29T09:36:02.451+05:30 DEBUG 4556 --- [           main] o.h.b.model.internal.BasicValueBinder    : building BasicValue for editor
2024-05-29T09:36:02.452+05:30 DEBUG 4556 --- [           main] org.hibernate.mapping.BasicValue         : Skipping column re-registration: movie.editor
2024-05-29T09:36:02.452+05:30 DEBUG 4556 --- [           main] o.h.boot.model.internal.PropertyBinder   : Building property editor
[...]

   ProjectInfoAutoConfiguration#buildProperties:
      Did not match:
         - @ConditionalOnResource did not find resource '${spring.info.build.location:classpath:META-INF/build-info.properties}' (OnResourceCondition)

   ProjectInfoAutoConfiguration#gitProperties:
      Did not match:
         - GitResource did not find git info at classpath:git.properties (ProjectInfoAutoConfiguration.GitResourceAvailableCondition)

   PulsarAutoConfiguration:
      Did not match:
         - @ConditionalOnClass did not find required class 'org.apache.pulsar.client.api.PulsarClient' (OnClassCondition)

   PulsarReactiveAutoConfiguration:
      Did not match:
         - @ConditionalOnClass did not find required class 'org.apache.pulsar.client.api.PulsarClient' (OnClassCondition)

   QuartzAutoConfiguration:
      Did not match:
         - @ConditionalOnClass did not find required class 'org.quartz.Scheduler' (OnClassCondition)

   R2dbcAutoConfiguration:
      Did not match:
         - @ConditionalOnClass did not find required class 'io.r2dbc.spi.ConnectionFactory' (OnClassCondition)

   R2dbcDataAutoConfiguration:
      Did not match:
         - @ConditionalOnClass did not find required class 'org.springframework.data.r2dbc.core.R2dbcEntityTemplate' (OnClassCondition)

   R2dbcInitializationConfiguration:
      Did not match:
         - @ConditionalOnClass did not find required classes 'io.r2dbc.spi.ConnectionFactory', 'org.springframework.r2dbc.connection.init.DatabasePopulator' (OnClassCondition)

   R2dbcRepositoriesAutoConfiguration:
      Did not match:
         - @ConditionalOnClass did not find required class 'io.r2dbc.spi.ConnectionFactory' (OnClassCondition)

   R2dbcTransactionManagerAutoConfiguration:
      Did not match:
         - @ConditionalOnClass did not find required class 'org.springframework.r2dbc.connection.R2dbcTransactionManager' (OnClassCondition)

   RSocketGraphQlClientAutoConfiguration:
      Did not match:
         - @ConditionalOnClass did not find required class 'graphql.GraphQL' (OnClassCondition)

   RSocketMessagingAutoConfiguration:
      Did not match:
         - @ConditionalOnClass did not find required class 'io.rsocket.RSocket' (OnClassCondition)

   RSocketRequesterAutoConfiguration:
      Did not match:
         - @ConditionalOnClass did not find required class 'io.rsocket.RSocket' (OnClassCondition)

   RSocketSecurityAutoConfiguration:
      Did not match:
         - @ConditionalOnClass did not find required class 'org.springframework.security.rsocket.core.SecuritySocketAcceptorInterceptor' (OnClassCondition)

   RSocketServerAutoConfiguration:
      Did not match:
         - @ConditionalOnClass did not find required class 'io.rsocket.core.RSocketServer' (OnClassCondition)

   RSocketStrategiesAutoConfiguration:
      Did not match:
         - @ConditionalOnClass did not find required class 'io.netty.buffer.PooledByteBufAllocator' (OnClassCondition)

   RabbitAutoConfiguration:
      Did not match:
         - @ConditionalOnClass did not find required class 'com.rabbitmq.client.Channel' (OnClassCondition)

   ReactiveElasticsearchClientAutoConfiguration:
      Did not match:
         - @ConditionalOnClass did not find required class 'co.elastic.clients.transport.ElasticsearchTransport' (OnClassCondition)

   ReactiveElasticsearchRepositoriesAutoConfiguration:
      Did not match:
         - @ConditionalOnClass did not find required class 'org.springframework.data.elasticsearch.client.elc.ReactiveElasticsearchClient' (OnClassCondition)

   ReactiveMultipartAutoConfiguration:
      Did not match:
         - @ConditionalOnClass did not find required class 'org.springframework.web.reactive.config.WebFluxConfigurer' (OnClassCondition)

   ReactiveOAuth2ClientAutoConfiguration:
      Did not match:
         - @ConditionalOnClass did not find required class 'reactor.core.publisher.Flux' (OnClassCondition)

   ReactiveOAuth2ResourceServerAutoConfiguration:
      Did not match:
         - @ConditionalOnClass did not find required class 'org.springframework.security.config.annotation.web.reactive.EnableWebFluxSecurity' (OnClassCondition)

   ReactiveSecurityAutoConfiguration:
      Did not match:
         - @ConditionalOnClass did not find required class 'reactor.core.publisher.Flux' (OnClassCondition)

   ReactiveUserDetailsServiceAutoConfiguration:
      Did not match:
         - @ConditionalOnClass did not find required class 'org.springframework.security.authentication.ReactiveAuthenticationManager' (OnClassCondition)

   ReactiveWebServerFactoryAutoConfiguration:
      Did not match:
         - @ConditionalOnWebApplication did not find reactive web application classes (OnWebApplicationCondition)

   ReactorAutoConfiguration:
      Did not match:
         - @ConditionalOnClass did not find required class 'reactor.core.publisher.Hooks' (OnClassCondition)

   RedisAutoConfiguration:
      Did not match:
         - @ConditionalOnClass did not find required class 'org.springframework.data.redis.core.RedisOperations' (OnClassCondition)

   RedisCacheConfiguration:
      Did not match:
         - @ConditionalOnClass did not find required class 'org.springframework.data.redis.connection.RedisConnectionFactory' (OnClassCondition)

   RedisReactiveAutoConfiguration:
      Did not match:
         - @ConditionalOnClass did not find required class 'reactor.core.publisher.Flux' (OnClassCondition)

   RedisRepositoriesAutoConfiguration:
      Did not match:
         - @ConditionalOnClass did not find required class 'org.springframework.data.redis.repository.configuration.EnableRedisRepositories' (OnClassCondition)

   RepositoryRestMvcAutoConfiguration:
      Did not match:
         - @ConditionalOnClass did not find required class 'org.springframework.data.rest.webmvc.config.RepositoryRestMvcConfiguration' (OnClassCondition)

   Saml2RelyingPartyAutoConfiguration:
      Did not match:
         - @ConditionalOnClass did not find required class 'org.springframework.security.saml2.provider.service.registration.RelyingPartyRegistrationRepository' (OnClassCondition)

   SecurityAutoConfiguration:
      Did not match:
         - @ConditionalOnClass did not find required class 'org.springframework.security.authentication.DefaultAuthenticationEventPublisher' (OnClassCondition)

   SecurityFilterAutoConfiguration:
      Did not match:
         - @ConditionalOnClass did not find required class 'org.springframework.security.config.http.SessionCreationPolicy' (OnClassCondition)

   SendGridAutoConfiguration:
      Did not match:
         - @ConditionalOnClass did not find required class 'com.sendgrid.SendGrid' (OnClassCondition)

   ServletWebServerFactoryAutoConfiguration.ForwardedHeaderFilterConfiguration:
      Did not match:
         - @ConditionalOnProperty (server.forward-headers-strategy=framework) did not find property 'server.forward-headers-strategy' (OnPropertyCondition)

   ServletWebServerFactoryConfiguration.EmbeddedJetty:
      Did not match:
         - @ConditionalOnClass did not find required classes 'org.eclipse.jetty.server.Server', 'org.eclipse.jetty.util.Loader', 'org.eclipse.jetty.ee10.webapp.WebAppContext' (OnClassCondition)

   ServletWebServerFactoryConfiguration.EmbeddedUndertow:
      Did not match:
         - @ConditionalOnClass did not find required classes 'io.undertow.Undertow', 'org.xnio.SslClientAuthMode' (OnClassCondition)

   SessionAutoConfiguration:
      Did not match:
         - @ConditionalOnClass did not find required class 'org.springframework.session.Session' (OnClassCondition)

   SpringApplicationAdminJmxAutoConfiguration:
      Did not match:
         - @ConditionalOnProperty (spring.application.admin.enabled=true) did not find property 'enabled' (OnPropertyCondition)

   TaskExecutorConfigurations.SimpleAsyncTaskExecutorBuilderConfiguration#simpleAsyncTaskExecutorBuilderVirtualThreads:
      Did not match:
         - @ConditionalOnMissingBean (types: org.springframework.boot.task.SimpleAsyncTaskExecutorBuilder; SearchStrategy: all) found beans of type 'org.springframework.boot.task.SimpleAsyncTaskExecutorBuilder' simpleAsyncTaskExecutorBuilder (OnBeanCondition)

   TaskExecutorConfigurations.TaskExecutorConfiguration#applicationTaskExecutorVirtualThreads:
      Did not match:
         - @ConditionalOnThreading did not find VIRTUAL (OnThreadingCondition)

   TaskSchedulingAutoConfiguration#scheduledBeanLazyInitializationExcludeFilter:
      Did not match:
         - @ConditionalOnBean (names: org.springframework.context.annotation.internalScheduledAnnotationProcessor; SearchStrategy: all) did not find any beans named org.springframework.context.annotation.internalScheduledAnnotationProcessor (OnBeanCondition)

   TaskSchedulingConfigurations.SimpleAsyncTaskSchedulerBuilderConfiguration#simpleAsyncTaskSchedulerBuilderVirtualThreads:
      Did not match:
         - @ConditionalOnMissingBean (types: org.springframework.boot.task.SimpleAsyncTaskSchedulerBuilder; SearchStrategy: all) found beans of type 'org.springframework.boot.task.SimpleAsyncTaskSchedulerBuilder' simpleAsyncTaskSchedulerBuilder (OnBeanCondition)

   TaskSchedulingConfigurations.TaskSchedulerConfiguration:
      Did not match:
         - @ConditionalOnBean (names: org.springframework.context.annotation.internalScheduledAnnotationProcessor; SearchStrategy: all) did not find any beans named org.springframework.context.annotation.internalScheduledAnnotationProcessor (OnBeanCondition)

   ThymeleafAutoConfiguration:
      Did not match:
         - @ConditionalOnClass did not find required class 'org.thymeleaf.spring6.SpringTemplateEngine' (OnClassCondition)

   TransactionAutoConfiguration#transactionalOperator:
      Did not match:
         - @ConditionalOnSingleCandidate (types: org.springframework.transaction.ReactiveTransactionManager; SearchStrategy: all) did not find any beans (OnBeanCondition)

   TransactionAutoConfiguration.AspectJTransactionManagementConfiguration:
      Did not match:
         - @ConditionalOnBean (types: org.springframework.transaction.aspectj.AbstractTransactionAspect; SearchStrategy: all) did not find any beans of type org.springframework.transaction.aspectj.AbstractTransactionAspect (OnBeanCondition)

   TransactionAutoConfiguration.EnableTransactionManagementConfiguration.JdkDynamicAutoProxyConfiguration:
      Did not match:
         - @ConditionalOnProperty (spring.aop.proxy-target-class=false) did not find property 'proxy-target-class' (OnPropertyCondition)

   UserDetailsServiceAutoConfiguration:
      Did not match:
         - @ConditionalOnClass did not find required class 'org.springframework.security.authentication.AuthenticationManager' (OnClassCondition)

   WebClientAutoConfiguration:
      Did not match:
         - @ConditionalOnClass did not find required class 'org.springframework.web.reactive.function.client.WebClient' (OnClassCondition)

   WebFluxAutoConfiguration:
      Did not match:
         - @ConditionalOnClass did not find required class 'org.springframework.web.reactive.config.WebFluxConfigurer' (OnClassCondition)

   WebMvcAutoConfiguration#hiddenHttpMethodFilter:
      Did not match:
         - @ConditionalOnProperty (spring.mvc.hiddenmethod.filter.enabled) did not find property 'enabled' (OnPropertyCondition)

   WebMvcAutoConfiguration.ProblemDetailsErrorHandlingConfiguration:
      Did not match:
         - @ConditionalOnProperty (spring.mvc.problemdetails.enabled=true) did not find property 'enabled' (OnPropertyCondition)

   WebMvcAutoConfiguration.ResourceChainCustomizerConfiguration:
      Did not match:
         - @ConditionalOnEnabledResourceChain did not find class org.webjars.WebJarAssetLocator (OnEnabledResourceChainCondition)

   WebMvcAutoConfiguration.WebMvcAutoConfigurationAdapter#beanNameViewResolver:
      Did not match:
         - @ConditionalOnMissingBean (types: org.springframework.web.servlet.view.BeanNameViewResolver; SearchStrategy: all) found beans of type 'org.springframework.web.servlet.view.BeanNameViewResolver' beanNameViewResolver (OnBeanCondition)

   WebServiceTemplateAutoConfiguration:
      Did not match:
         - @ConditionalOnClass did not find required class 'org.springframework.oxm.Marshaller' (OnClassCondition)

   WebServicesAutoConfiguration:
      Did not match:
         - @ConditionalOnClass did not find required class 'org.springframework.ws.transport.http.MessageDispatcherServlet' (OnClassCondition)

   WebSessionIdResolverAutoConfiguration:
      Did not match:
         - @ConditionalOnClass did not find required class 'reactor.core.publisher.Mono' (OnClassCondition)

   WebSocketMessagingAutoConfiguration:
      Did not match:
         - @ConditionalOnClass did not find required class 'org.springframework.web.socket.config.annotation.WebSocketMessageBrokerConfigurer' (OnClassCondition)

   WebSocketReactiveAutoConfiguration:
      Did not match:
         - @ConditionalOnWebApplication did not find reactive web application classes (OnWebApplicationCondition)

   WebSocketServletAutoConfiguration.JettyWebSocketConfiguration:
      Did not match:
         - @ConditionalOnClass did not find required class 'org.eclipse.jetty.ee10.websocket.jakarta.server.config.JakartaWebSocketServletContainerInitializer' (OnClassCondition)

   WebSocketServletAutoConfiguration.UndertowWebSocketConfiguration:
      Did not match:
         - @ConditionalOnClass did not find required class 'io.undertow.websockets.jsr.Bootstrap' (OnClassCondition)

   XADataSourceAutoConfiguration:
      Did not match:
         - @ConditionalOnBean (types: org.springframework.boot.jdbc.XADataSourceWrapper; SearchStrategy: all) did not find any beans of type org.springframework.boot.jdbc.XADataSourceWrapper (OnBeanCondition)
      Matched:
         - @ConditionalOnClass found required classes 'javax.sql.DataSource', 'jakarta.transaction.TransactionManager', 'org.springframework.jdbc.datasource.embedded.EmbeddedDatabaseType' (OnClassCondition)


Exclusions:
-----------

    None


Unconditional classes:
----------------------

    org.springframework.boot.autoconfigure.context.ConfigurationPropertiesAutoConfiguration

    org.springframework.boot.autoconfigure.ssl.SslAutoConfiguration

    org.springframework.boot.autoconfigure.context.LifecycleAutoConfiguration

    org.springframework.boot.autoconfigure.context.PropertyPlaceholderAutoConfiguration

    org.springframework.boot.autoconfigure.availability.ApplicationAvailabilityAutoConfiguration

    org.springframework.boot.autoconfigure.info.ProjectInfoAutoConfiguration



2024-05-29T09:36:05.733+05:30  INFO 4556 --- [           main] c.g.M.MovieReviewsApplicationTests       : Started MovieReviewsApplicationTests in 7.711 seconds (process running for 9.217)
2024-05-29T09:36:05.734+05:30 DEBUG 4556 --- [           main] o.s.b.a.ApplicationAvailabilityBean      : Application availability state LivenessState changed to CORRECT
2024-05-29T09:36:05.738+05:30 DEBUG 4556 --- [           main] o.s.b.a.ApplicationAvailabilityBean      : Application availability state ReadinessState changed to ACCEPTING_TRAFFIC
2024-05-29T09:36:05.742+05:30 DEBUG 4556 --- [           main] org.springframework.test.context.cache   : Spring test ApplicationContext cache statistics: [DefaultContextCache@73db1a6 size = 1, maxSize = 32, parentContextCount = 0, hitCount = 0, missCount = 1, failureCount = 0]
2024-05-29T09:36:05.742+05:30 DEBUG 4556 --- [           main] o.s.t.c.w.ServletTestExecutionListener   : Setting up MockHttpServletRequest, MockHttpServletResponse, ServletWebRequest, and RequestContextHolder for test class com.greviews.MovieReviews.MovieReviewsApplicationTests
2024-05-29T09:36:05.763+05:30 DEBUG 4556 --- [           main] DependencyInjectionTestExecutionListener : Performing dependency injection for test class com.greviews.MovieReviews.MovieReviewsApplicationTests
2024-05-29T09:36:05.764+05:30 DEBUG 4556 --- [           main] org.springframework.test.context.cache   : Spring test ApplicationContext cache statistics: [DefaultContextCache@73db1a6 size = 1, maxSize = 32, parentContextCount = 0, hitCount = 1, missCount = 1, failureCount = 0]
2024-05-29T09:36:05.766+05:30 DEBUG 4556 --- [           main] org.springframework.test.context.cache   : Spring test ApplicationContext cache statistics: [DefaultContextCache@73db1a6 size = 1, maxSize = 32, parentContextCount = 0, hitCount = 2, missCount = 1, failureCount = 0]
2024-05-29T09:36:05.776+05:30 DEBUG 4556 --- [           main] sContextBeforeModesTestExecutionListener : Before test method: class [MovieReviewsApplicationTests], method [contextLoads], class annotated with @DirtiesContext [false] with mode [null], method annotated with @DirtiesContext [false] with mode [null]
2024-05-29T09:36:05.779+05:30 DEBUG 4556 --- [           main] org.springframework.test.context.cache   : Spring test ApplicationContext cache statistics: [DefaultContextCache@73db1a6 size = 1, maxSize = 32, parentContextCount = 0, hitCount = 3, missCount = 1, failureCount = 0]
2024-05-29T09:36:05.779+05:30 DEBUG 4556 --- [           main] org.springframework.test.context.cache   : Spring test ApplicationContext cache statistics: [DefaultContextCache@73db1a6 size = 1, maxSize = 32, parentContextCount = 0, hitCount = 4, missCount = 1, failureCount = 0]
2024-05-29T09:36:06.676+05:30 DEBUG 4556 --- [           main] org.springframework.test.context.cache   : Spring test ApplicationContext cache statistics: [DefaultContextCache@73db1a6 size = 1, maxSize = 32, parentContextCount = 0, hitCount = 5, missCount = 1, failureCount = 0]
2024-05-29T09:36:06.683+05:30 DEBUG 4556 --- [           main] org.springframework.test.context.cache   : Spring test ApplicationContext cache statistics: [DefaultContextCache@73db1a6 size = 1, maxSize = 32, parentContextCount = 0, hitCount = 6, missCount = 1, failureCount = 0]
2024-05-29T09:36:06.684+05:30 DEBUG 4556 --- [           main] org.springframework.test.context.cache   : Spring test ApplicationContext cache statistics: [DefaultContextCache@73db1a6 size = 1, maxSize = 32, parentContextCount = 0, hitCount = 7, missCount = 1, failureCount = 0]
2024-05-29T09:36:06.684+05:30 DEBUG 4556 --- [           main] org.springframework.test.context.cache   : Spring test ApplicationContext cache statistics: [DefaultContextCache@73db1a6 size = 1, maxSize = 32, parentContextCount = 0, hitCount = 8, missCount = 1, failureCount = 0]
2024-05-29T09:36:06.686+05:30 DEBUG 4556 --- [           main] org.springframework.test.context.cache   : Spring test ApplicationContext cache statistics: [DefaultContextCache@73db1a6 size = 1, maxSize = 32, parentContextCount = 0, hitCount = 9, missCount = 1, failureCount = 0]
2024-05-29T09:36:06.687+05:30 DEBUG 4556 --- [           main] org.springframework.test.context.cache   : Spring test ApplicationContext cache statistics: [DefaultContextCache@73db1a6 size = 1, maxSize = 32, parentContextCount = 0, hitCount = 10, missCount = 1, failureCount = 0]
2024-05-29T09:36:06.690+05:30 DEBUG 4556 --- [           main] org.springframework.test.context.cache   : Spring test ApplicationContext cache statistics: [DefaultContextCache@73db1a6 size = 1, maxSize = 32, parentContextCount = 0, hitCount = 11, missCount = 1, failureCount = 0]
2024-05-29T09:36:06.690+05:30 DEBUG 4556 --- [           main] .c.s.DirtiesContextTestExecutionListener : After test method: class [MovieReviewsApplicationTests], method [contextLoads], class annotated with @DirtiesContext [false] with mode [null], method annotated with @DirtiesContext [false] with mode [null]
2024-05-29T09:36:06.690+05:30 DEBUG 4556 --- [           main] o.s.t.c.w.ServletTestExecutionListener   : Resetting RequestContextHolder for test class com.greviews.MovieReviews.MovieReviewsApplicationTests
]]></system-out>
  </testcase>
</testsuite>